2026-04-12 19:06:03,121 - INFO - 方法审阅开始: 样本=168, 缓存命中=0, 待处理=168
2026-04-12 19:06:38,112 - INFO - 方法审阅进度: 10/168
2026-04-12 19:07:00,540 - INFO - 方法审阅进度: 20/168
2026-04-12 19:07:48,996 - INFO - 方法审阅进度: 30/168
2026-04-12 19:08:35,500 - INFO - 方法审阅进度: 40/168
2026-04-12 19:09:06,342 - INFO - 方法审阅进度: 50/168
2026-04-12 19:09:48,232 - INFO - 方法审阅进度: 60/168
2026-04-12 19:10:39,197 - INFO - 方法审阅进度: 70/168
2026-04-12 19:11:05,806 - INFO - 方法审阅进度: 80/168
2026-04-12 19:11:29,989 - ERROR - API调用异常: Error code: 401 - {'error': {'code': '', 'message': '[sk-zlZ***KY6] 该令牌额度已用尽 !token.UnlimitedQuota && token.RemainQuota = -1227 (request id: 202604121111299411077688268d9d6QXCtg60k)', 'type': 'new_api_error'}}
2026-04-12 19:11:31,194 - ERROR - API调用异常: Error code: 401 - {'error': {'code': '', 'message': '[sk-zlZ***KY6] 该令牌额度已用尽 !token.UnlimitedQuota && token.RemainQuota = -66748 (request id: 20260412111131380607688268d9d65yfTHwKT)', 'type': 'new_api_error'}}
2026-04-12 19:11:32,723 - ERROR - API调用异常: Error code: 401 - {'error': {'code': '', 'message': '[sk-zlZ***KY6] 该令牌额度已用尽 !token.UnlimitedQuota && token.RemainQuota = -66748 (request id: 202604121111325984883108268d9d6vTzzV3Kz)', 'type': 'new_api_error'}}
2026-04-12 19:11:33,670 - ERROR - API调用异常: Error code: 401 - {'error': {'code': '', 'message': '[sk-zlZ***KY6] 该令牌额度已用尽 !token.UnlimitedQuota && token.RemainQuota = -71061 (request id: 202604121111336208594048268d9d6uMM5ot7x)', 'type': 'new_api_error'}}
2026-04-12 19:11:34,257 - ERROR - API调用异常: Error code: 401 - {'error': {'code': '', 'message': '[sk-zlZ***KY6] 该令牌额度已用尽 !token.UnlimitedQuota && token.RemainQuota = -71061 (request id: 202604121111341354904788268d9d6I6Z2cmp7)', 'type': 'new_api_error'}}
2026-04-12 19:11:35,288 - INFO - 方法审阅进度: 90/168
2026-04-12 19:11:35,365 - ERROR - API调用异常: Error code: 401 - {'error': {'code': '', 'message': '[sk-zlZ***KY6] 该令牌额度已用尽 !token.UnlimitedQuota && token.RemainQuota = -149794 (request id: 202604121111353221362948268d9d6Ht9x3Ch2)', 'type': 'new_api_error'}}
2026-04-12 19:11:35,365 - WARNING - 方法审阅跳过样本 7.json: API调用失败: Error code: 401 - {'error': {'code': '', 'message': '[sk-zlZ***KY6] 该令牌额度已用尽 !token.UnlimitedQuota && token.RemainQuota = -149794 (request id: 202604121111353221362948268d9d6Ht9x3Ch2)', 'type': 'new_api_error'}}
2026-04-12 19:11:35,934 - ERROR - API调用异常: Error code: 401 - {'error': {'code': '', 'message': '[sk-zlZ***KY6] 该令牌额度已用尽 !token.UnlimitedQuota && token.RemainQuota = -149794 (request id: 202604121111358879484528268d9d6UWEyMpfd)', 'type': 'new_api_error'}}
2026-04-12 19:11:36,430 - ERROR - API调用异常: Error code: 401 - {'error': {'code': '', 'message': '[sk-zlZ***KY6] 该令牌额度已用尽 !token.UnlimitedQuota && token.RemainQuota = -149794 (request id: 202604121111363816323808268d9d6l2QoWl9W)', 'type': 'new_api_error'}}
2026-04-12 19:11:36,928 - ERROR - API调用异常: Error code: 401 - {'error': {'code': '', 'message': '[sk-zlZ***KY6] 该令牌额度已用尽 !token.UnlimitedQuota && token.RemainQuota = -149794 (request id: 202604121111368861517918268d9d6CAhFiVI8)', 'type': 'new_api_error'}}
2026-04-12 19:11:37,434 - ERROR - API调用异常: Error code: 401 - {'error': {'code': '', 'message': '[sk-zlZ***KY6] 该令牌额度已用尽 !token.UnlimitedQuota && token.RemainQuota = -149794 (request id: 202604121111373766447008268d9d6bEUtPbmB)', 'type': 'new_api_error'}}
2026-04-12 19:11:37,435 - WARNING - 方法审阅跳过样本 41.json: API调用失败: Error code: 401 - {'error': {'code': '', 'message': '[sk-zlZ***KY6] 该令牌额度已用尽 !token.UnlimitedQuota && token.RemainQuota = -149794 (request id: 202604121111373766447008268d9d6bEUtPbmB)', 'type': 'new_api_error'}}
2026-04-12 19:11:38,088 - ERROR - API调用异常: Error code: 401 - {'error': {'code': '', 'message': '[sk-zlZ***KY6] 该令牌额度已用尽 !token.UnlimitedQuota && token.RemainQuota = -149794 (request id: 20260412111138387503478268d9d67XhDYj7d)', 'type': 'new_api_error'}}
2026-04-12 19:11:38,590 - ERROR - API调用异常: Error code: 401 - {'error': {'code': '', 'message': '[sk-zlZ***KY6] 该令牌额度已用尽 !token.UnlimitedQuota && token.RemainQuota = -149794 (request id: 202604121111385436839688268d9d6d4XFFveG)', 'type': 'new_api_error'}}
2026-04-12 19:11:39,082 - ERROR - API调用异常: Error code: 401 - {'error': {'code': '', 'message': '[sk-zlZ***KY6] 该令牌额度已用尽 !token.UnlimitedQuota && token.RemainQuota = -149794 (request id: 20260412111139374446138268d9d67yvacgRc)', 'type': 'new_api_error'}}
2026-04-12 19:11:39,782 - ERROR - API调用异常: Error code: 401 - {'error': {'code': '', 'message': '[sk-zlZ***KY6] 该令牌额度已用尽 !token.UnlimitedQuota && token.RemainQuota = -149794 (request id: 202604121111395338059248268d9d6gAhSRUIr)', 'type': 'new_api_error'}}
2026-04-12 19:11:39,782 - WARNING - 方法审阅跳过样本 114.json: API调用失败: Error code: 401 - {'error': {'code': '', 'message': '[sk-zlZ***KY6] 该令牌额度已用尽 !token.UnlimitedQuota && token.RemainQuota = -149794 (request id: 202604121111395338059248268d9d6gAhSRUIr)', 'type': 'new_api_error'}}
2026-04-12 19:11:40,451 - ERROR - API调用异常: Error code: 401 - {'error': {'code': '', 'message': '[sk-zlZ***KY6] 该令牌额度已用尽 !token.UnlimitedQuota && token.RemainQuota = -149794 (request id: 202604121111403765845828268d9d6pSVtftgd)', 'type': 'new_api_error'}}
2026-04-12 19:11:40,933 - ERROR - API调用异常: Error code: 401 - {'error': {'code': '', 'message': '[sk-zlZ***KY6] 该令牌额度已用尽 !token.UnlimitedQuota && token.RemainQuota = -149794 (request id: 202604121111408894313348268d9d6NgJvXpUo)', 'type': 'new_api_error'}}
2026-04-12 19:11:41,547 - ERROR - API调用异常: Error code: 401 - {'error': {'code': '', 'message': '[sk-zlZ***KY6] 该令牌额度已用尽 !token.UnlimitedQuota && token.RemainQuota = -149794 (request id: 202604121111414924141358268d9d6p1nq2qQT)', 'type': 'new_api_error'}}
2026-04-12 19:11:41,547 - WARNING - 方法审阅跳过样本 141.json: API调用失败: Error code: 401 - {'error': {'code': '', 'message': '[sk-zlZ***KY6] 该令牌额度已用尽 !token.UnlimitedQuota && token.RemainQuota = -149794 (request id: 202604121111414924141358268d9d6p1nq2qQT)', 'type': 'new_api_error'}}
2026-04-12 19:11:41,933 - ERROR - API调用异常: Error code: 401 - {'error': {'code': '', 'message': '[sk-zlZ***KY6] 该令牌额度已用尽 !token.UnlimitedQuota && token.RemainQuota = -149794 (request id: 202604121111418765371848268d9d6NQTJsueu)', 'type': 'new_api_error'}}
2026-04-12 19:11:41,934 - WARNING - 方法审阅跳过样本 31.json: API调用失败: Error code: 401 - {'error': {'code': '', 'message': '[sk-zlZ***KY6] 该令牌额度已用尽 !token.UnlimitedQuota && token.RemainQuota = -149794 (request id: 202604121111418765371848268d9d6NQTJsueu)', 'type': 'new_api_error'}}
2026-04-12 19:11:42,433 - ERROR - API调用异常: Error code: 401 - {'error': {'code': '', 'message': '[sk-zlZ***KY6] 该令牌额度已用尽 !token.UnlimitedQuota && token.RemainQuota = -149794 (request id: 202604121111423896362448268d9d63LpzJsF9)', 'type': 'new_api_error'}}
2026-04-12 19:11:42,932 - ERROR - API调用异常: Error code: 401 - {'error': {'code': '', 'message': '[sk-zlZ***KY6] 该令牌额度已用尽 !token.UnlimitedQuota && token.RemainQuota = -149794 (request id: 202604121111428901240768268d9d65hafqfam)', 'type': 'new_api_error'}}
2026-04-12 19:11:43,446 - ERROR - API调用异常: Error code: 401 - {'error': {'code': '', 'message': '[sk-zlZ***KY6] 该令牌额度已用尽 !token.UnlimitedQuota && token.RemainQuota = -149794 (request id: 202604121111433994365838268d9d65iVbeVnt)', 'type': 'new_api_error'}}
2026-04-12 19:11:43,987 - ERROR - API调用异常: Error code: 401 - {'error': {'code': '', 'message': '[sk-zlZ***KY6] 该令牌额度已用尽 !token.UnlimitedQuota && token.RemainQuota = -149794 (request id: 202604121111438860815948268d9d61ihJFk2d)', 'type': 'new_api_error'}}
2026-04-12 19:11:43,987 - WARNING - 方法审阅跳过样本 117.json: API调用失败: Error code: 401 - {'error': {'code': '', 'message': '[sk-zlZ***KY6] 该令牌额度已用尽 !token.UnlimitedQuota && token.RemainQuota = -149794 (request id: 202604121111438860815948268d9d61ihJFk2d)', 'type': 'new_api_error'}}
2026-04-12 19:11:44,638 - ERROR - API调用异常: Error code: 401 - {'error': {'code': '', 'message': '[sk-zlZ***KY6] 该令牌额度已用尽 !token.UnlimitedQuota && token.RemainQuota = -149794 (request id: 202604121111445892845208268d9d607mFwLfL)', 'type': 'new_api_error'}}
2026-04-12 19:11:45,127 - ERROR - API调用异常: Error code: 401 - {'error': {'code': '', 'message': '[sk-zlZ***KY6] 该令牌额度已用尽 !token.UnlimitedQuota && token.RemainQuota = -149794 (request id: 20260412111145863731358268d9d64W4HJ1iT)', 'type': 'new_api_error'}}
2026-04-12 19:11:45,630 - ERROR - API调用异常: Error code: 401 - {'error': {'code': '', 'message': '[sk-zlZ***KY6] 该令牌额度已用尽 !token.UnlimitedQuota && token.RemainQuota = -149794 (request id: 202604121111455859320418268d9d6ZftTkurm)', 'type': 'new_api_error'}}
2026-04-12 19:11:46,137 - ERROR - API调用异常: Error code: 401 - {'error': {'code': '', 'message': '[sk-zlZ***KY6] 该令牌额度已用尽 !token.UnlimitedQuota && token.RemainQuota = -149794 (request id: 20260412111146921475248268d9d6T7D1ywGv)', 'type': 'new_api_error'}}
2026-04-12 19:11:46,137 - WARNING - 方法审阅跳过样本 137.json: API调用失败: Error code: 401 - {'error': {'code': '', 'message': '[sk-zlZ***KY6] 该令牌额度已用尽 !token.UnlimitedQuota && token.RemainQuota = -149794 (request id: 20260412111146921475248268d9d6T7D1ywGv)', 'type': 'new_api_error'}}
2026-04-12 19:11:46,826 - ERROR - API调用异常: Error code: 401 - {'error': {'code': '', 'message': '[sk-zlZ***KY6] 该令牌额度已用尽 !token.UnlimitedQuota && token.RemainQuota = -149794 (request id: 202604121111467784347608268d9d6LPtPm3BB)', 'type': 'new_api_error'}}
2026-04-12 19:11:47,281 - ERROR - API调用异常: Error code: 401 - {'error': {'code': '', 'message': '[sk-zlZ***KY6] 该令牌额度已用尽 !token.UnlimitedQuota && token.RemainQuota = -149794 (request id: 202604121111472332814658268d9d6JXehW1ZF)', 'type': 'new_api_error'}}
2026-04-12 19:11:47,774 - ERROR - API调用异常: Error code: 401 - {'error': {'code': '', 'message': '[sk-zlZ***KY6] 该令牌额度已用尽 !token.UnlimitedQuota && token.RemainQuota = -149794 (request id: 202604121111477282379708268d9d6WyzRTuar)', 'type': 'new_api_error'}}
2026-04-12 19:11:47,774 - WARNING - 方法审阅跳过样本 26.json: API调用失败: Error code: 401 - {'error': {'code': '', 'message': '[sk-zlZ***KY6] 该令牌额度已用尽 !token.UnlimitedQuota && token.RemainQuota = -149794 (request id: 202604121111477282379708268d9d6WyzRTuar)', 'type': 'new_api_error'}}
2026-04-12 19:11:48,288 - ERROR - API调用异常: Error code: 401 - {'error': {'code': '', 'message': '[sk-zlZ***KY6] 该令牌额度已用尽 !token.UnlimitedQuota && token.RemainQuota = -149794 (request id: 202604121111482454803138268d9d6OBXAk1Ag)', 'type': 'new_api_error'}}
2026-04-12 19:11:48,288 - WARNING - 方法审阅跳过样本 56.json: API调用失败: Error code: 401 - {'error': {'code': '', 'message': '[sk-zlZ***KY6] 该令牌额度已用尽 !token.UnlimitedQuota && token.RemainQuota = -149794 (request id: 202604121111482454803138268d9d6OBXAk1Ag)', 'type': 'new_api_error'}}
2026-04-12 19:11:48,788 - ERROR - API调用异常: Error code: 401 - {'error': {'code': '', 'message': '[sk-zlZ***KY6] 该令牌额度已用尽 !token.UnlimitedQuota && token.RemainQuota = -149794 (request id: 202604121111487400227888268d9d6aZhLJ6qW)', 'type': 'new_api_error'}}
2026-04-12 19:11:49,287 - ERROR - API调用异常: Error code: 401 - {'error': {'code': '', 'message': '[sk-zlZ***KY6] 该令牌额度已用尽 !token.UnlimitedQuota && token.RemainQuota = -149794 (request id: 202604121111492461102698268d9d6iCE6tb0x)', 'type': 'new_api_error'}}
2026-04-12 19:11:49,784 - ERROR - API调用异常: Error code: 401 - {'error': {'code': '', 'message': '[sk-zlZ***KY6] 该令牌额度已用尽 !token.UnlimitedQuota && token.RemainQuota = -149794 (request id: 202604121111497380082518268d9d6WpZJI4Bq)', 'type': 'new_api_error'}}
2026-04-12 19:11:50,337 - ERROR - API调用异常: Error code: 401 - {'error': {'code': '', 'message': '[sk-zlZ***KY6] 该令牌额度已用尽 !token.UnlimitedQuota && token.RemainQuota = -149794 (request id: 202604121111502373796638268d9d6RxqqJFaM)', 'type': 'new_api_error'}}
2026-04-12 19:11:50,338 - WARNING - 方法审阅跳过样本 125.json: API调用失败: Error code: 401 - {'error': {'code': '', 'message': '[sk-zlZ***KY6] 该令牌额度已用尽 !token.UnlimitedQuota && token.RemainQuota = -149794 (request id: 202604121111502373796638268d9d6RxqqJFaM)', 'type': 'new_api_error'}}
2026-04-12 19:11:50,344 - INFO - 方法审阅进度: 100/168
2026-04-12 19:11:50,970 - ERROR - API调用异常: Error code: 401 - {'error': {'code': '', 'message': '[sk-zlZ***KY6] 该令牌额度已用尽 !token.UnlimitedQuota && token.RemainQuota = -149794 (request id: 202604121111509254798498268d9d6ifUagKuq)', 'type': 'new_api_error'}}
2026-04-12 19:11:51,520 - ERROR - API调用异常: Error code: 401 - {'error': {'code': '', 'message': '[sk-zlZ***KY6] 该令牌额度已用尽 !token.UnlimitedQuota && token.RemainQuota = -149794 (request id: 202604121111514746943908268d9d6Gd4G8Tae)', 'type': 'new_api_error'}}
2026-04-12 19:11:51,978 - ERROR - API调用异常: Error code: 401 - {'error': {'code': '', 'message': '[sk-zlZ***KY6] 该令牌额度已用尽 !token.UnlimitedQuota && token.RemainQuota = -149794 (request id: 202604121111519342631128268d9d6KTxUtJPa)', 'type': 'new_api_error'}}
2026-04-12 19:11:52,568 - ERROR - API调用异常: Error code: 401 - {'error': {'code': '', 'message': '[sk-zlZ***KY6] 该令牌额度已用尽 !token.UnlimitedQuota && token.RemainQuota = -149794 (request id: 202604121111524367749118268d9d6B7DFQWcH)', 'type': 'new_api_error'}}
2026-04-12 19:11:52,569 - WARNING - 方法审阅跳过样本 138.json: API调用失败: Error code: 401 - {'error': {'code': '', 'message': '[sk-zlZ***KY6] 该令牌额度已用尽 !token.UnlimitedQuota && token.RemainQuota = -149794 (request id: 202604121111524367749118268d9d6B7DFQWcH)', 'type': 'new_api_error'}}
2026-04-12 19:11:53,198 - ERROR - API调用异常: Error code: 401 - {'error': {'code': '', 'message': '[sk-zlZ***KY6] 该令牌额度已用尽 !token.UnlimitedQuota && token.RemainQuota = -149794 (request id: 202604121111531529420658268d9d6T0XvD8M0)', 'type': 'new_api_error'}}
2026-04-12 19:11:53,710 - ERROR - API调用异常: Error code: 401 - {'error': {'code': '', 'message': '[sk-zlZ***KY6] 该令牌额度已用尽 !token.UnlimitedQuota && token.RemainQuota = -149794 (request id: 202604121111536640364148268d9d6cNaj0MM7)', 'type': 'new_api_error'}}
2026-04-12 19:11:54,239 - ERROR - API调用异常: Error code: 401 - {'error': {'code': '', 'message': '[sk-zlZ***KY6] 该令牌额度已用尽 !token.UnlimitedQuota && token.RemainQuota = -149794 (request id: 202604121111541937688628268d9d6htzuYy72)', 'type': 'new_api_error'}}
2026-04-12 19:11:54,239 - WARNING - 方法审阅跳过样本 46.json: API调用失败: Error code: 401 - {'error': {'code': '', 'message': '[sk-zlZ***KY6] 该令牌额度已用尽 !token.UnlimitedQuota && token.RemainQuota = -149794 (request id: 202604121111541937688628268d9d6htzuYy72)', 'type': 'new_api_error'}}
2026-04-12 19:11:54,717 - ERROR - API调用异常: Error code: 401 - {'error': {'code': '', 'message': '[sk-zlZ***KY6] 该令牌额度已用尽 !token.UnlimitedQuota && token.RemainQuota = -149794 (request id: 202604121111546769186658268d9d6yJV9uP5J)', 'type': 'new_api_error'}}
2026-04-12 19:11:54,718 - WARNING - 方法审阅跳过样本 126.json: API调用失败: Error code: 401 - {'error': {'code': '', 'message': '[sk-zlZ***KY6] 该令牌额度已用尽 !token.UnlimitedQuota && token.RemainQuota = -149794 (request id: 202604121111546769186658268d9d6yJV9uP5J)', 'type': 'new_api_error'}}
2026-04-12 19:11:55,224 - ERROR - API调用异常: Error code: 401 - {'error': {'code': '', 'message': '[sk-zlZ***KY6] 该令牌额度已用尽 !token.UnlimitedQuota && token.RemainQuota = -149794 (request id: 202604121111551811647888268d9d64Eb7AFWP)', 'type': 'new_api_error'}}
2026-04-12 19:11:55,720 - ERROR - API调用异常: Error code: 401 - {'error': {'code': '', 'message': '[sk-zlZ***KY6] 该令牌额度已用尽 !token.UnlimitedQuota && token.RemainQuota = -149794 (request id: 202604121111556793258068268d9d6RbdXafS6)', 'type': 'new_api_error'}}
2026-04-12 19:11:56,212 - ERROR - API调用异常: Error code: 401 - {'error': {'code': '', 'message': '[sk-zlZ***KY6] 该令牌额度已用尽 !token.UnlimitedQuota && token.RemainQuota = -149794 (request id: 202604121111561677544198268d9d6JhpoiDEM)', 'type': 'new_api_error'}}
2026-04-12 19:11:56,719 - ERROR - API调用异常: Error code: 401 - {'error': {'code': '', 'message': '[sk-zlZ***KY6] 该令牌额度已用尽 !token.UnlimitedQuota && token.RemainQuota = -149794 (request id: 202604121111566762044878268d9d6ton73xiY)', 'type': 'new_api_error'}}
2026-04-12 19:11:56,719 - WARNING - 方法审阅跳过样本 152.json: API调用失败: Error code: 401 - {'error': {'code': '', 'message': '[sk-zlZ***KY6] 该令牌额度已用尽 !token.UnlimitedQuota && token.RemainQuota = -149794 (request id: 202604121111566762044878268d9d6ton73xiY)', 'type': 'new_api_error'}}
2026-04-12 19:11:57,346 - ERROR - API调用异常: Error code: 401 - {'error': {'code': '', 'message': '[sk-zlZ***KY6] 该令牌额度已用尽 !token.UnlimitedQuota && token.RemainQuota = -149794 (request id: 202604121111573029017448268d9d6BlapdwJV)', 'type': 'new_api_error'}}
2026-04-12 19:11:57,879 - ERROR - API调用异常: Error code: 401 - {'error': {'code': '', 'message': '[sk-zlZ***KY6] 该令牌额度已用尽 !token.UnlimitedQuota && token.RemainQuota = -149794 (request id: 202604121111578324754558268d9d6lXrIpOsZ)', 'type': 'new_api_error'}}
2026-04-12 19:11:58,358 - ERROR - API调用异常: Error code: 401 - {'error': {'code': '', 'message': '[sk-zlZ***KY6] 该令牌额度已用尽 !token.UnlimitedQuota && token.RemainQuota = -149794 (request id: 202604121111583119967618268d9d6M1NruptU)', 'type': 'new_api_error'}}
2026-04-12 19:11:58,859 - ERROR - API调用异常: Error code: 401 - {'error': {'code': '', 'message': '[sk-zlZ***KY6] 该令牌额度已用尽 !token.UnlimitedQuota && token.RemainQuota = -283513 (request id: 202604121111588172857368268d9d6ycS6lEYh)', 'type': 'new_api_error'}}
2026-04-12 19:11:58,859 - WARNING - 方法审阅跳过样本 62.json: API调用失败: Error code: 401 - {'error': {'code': '', 'message': '[sk-zlZ***KY6] 该令牌额度已用尽 !token.UnlimitedQuota && token.RemainQuota = -283513 (request id: 202604121111588172857368268d9d6ycS6lEYh)', 'type': 'new_api_error'}}
2026-04-12 19:11:59,374 - ERROR - API调用异常: Error code: 401 - {'error': {'code': '', 'message': '[sk-zlZ***KY6] 该令牌额度已用尽 !token.UnlimitedQuota && token.RemainQuota = -283513 (request id: 202604121111593248605258268d9d6c9SvUYri)', 'type': 'new_api_error'}}
2026-04-12 19:11:59,873 - ERROR - API调用异常: Error code: 401 - {'error': {'code': '', 'message': '[sk-zlZ***KY6] 该令牌额度已用尽 !token.UnlimitedQuota && token.RemainQuota = -283513 (request id: 202604121111598339336798268d9d6iSfPEP0z)', 'type': 'new_api_error'}}
2026-04-12 19:12:00,391 - ERROR - API调用异常: Error code: 401 - {'error': {'code': '', 'message': '[sk-zlZ***KY6] 该令牌额度已用尽 !token.UnlimitedQuota && token.RemainQuota = -283513 (request id: 202604121112003446193898268d9d6f0CkcHjE)', 'type': 'new_api_error'}}
2026-04-12 19:12:00,881 - ERROR - API调用异常: Error code: 401 - {'error': {'code': '', 'message': '[sk-zlZ***KY6] 该令牌额度已用尽 !token.UnlimitedQuota && token.RemainQuota = -283513 (request id: 202604121112008388633778268d9d6hS8dT6HH)', 'type': 'new_api_error'}}
2026-04-12 19:12:00,881 - WARNING - 方法审阅跳过样本 104.json: API调用失败: Error code: 401 - {'error': {'code': '', 'message': '[sk-zlZ***KY6] 该令牌额度已用尽 !token.UnlimitedQuota && token.RemainQuota = -283513 (request id: 202604121112008388633778268d9d6hS8dT6HH)', 'type': 'new_api_error'}}
2026-04-12 19:12:01,382 - ERROR - API调用异常: Error code: 401 - {'error': {'code': '', 'message': '[sk-zlZ***KY6] 该令牌额度已用尽 !token.UnlimitedQuota && token.RemainQuota = -283513 (request id: 202604121112013337661828268d9d61voG6qeY)', 'type': 'new_api_error'}}
2026-04-12 19:12:01,382 - WARNING - 方法审阅跳过样本 150.json: API调用失败: Error code: 401 - {'error': {'code': '', 'message': '[sk-zlZ***KY6] 该令牌额度已用尽 !token.UnlimitedQuota && token.RemainQuota = -283513 (request id: 202604121112013337661828268d9d61voG6qeY)', 'type': 'new_api_error'}}
2026-04-12 19:12:01,870 - ERROR - API调用异常: Error code: 401 - {'error': {'code': '', 'message': '[sk-zlZ***KY6] 该令牌额度已用尽 !token.UnlimitedQuota && token.RemainQuota = -283513 (request id: 202604121112018288437948268d9d66xaK6UDD)', 'type': 'new_api_error'}}
2026-04-12 19:12:02,386 - ERROR - API调用异常: Error code: 401 - {'error': {'code': '', 'message': '[sk-zlZ***KY6] 该令牌额度已用尽 !token.UnlimitedQuota && token.RemainQuota = -283513 (request id: 202604121112023389249678268d9d6RtNcXMjT)', 'type': 'new_api_error'}}
2026-04-12 19:12:02,898 - ERROR - API调用异常: Error code: 401 - {'error': {'code': '', 'message': '[sk-zlZ***KY6] 该令牌额度已用尽 !token.UnlimitedQuota && token.RemainQuota = -283513 (request id: 202604121112028537585618268d9d6WNXmAE51)', 'type': 'new_api_error'}}
2026-04-12 19:12:03,400 - ERROR - API调用异常: Error code: 401 - {'error': {'code': '', 'message': '[sk-zlZ***KY6] 该令牌额度已用尽 !token.UnlimitedQuota && token.RemainQuota = -283513 (request id: 202604121112033546817108268d9d6RiYRD5UW)', 'type': 'new_api_error'}}
2026-04-12 19:12:03,895 - ERROR - API调用异常: Error code: 401 - {'error': {'code': '', 'message': '[sk-zlZ***KY6] 该令牌额度已用尽 !token.UnlimitedQuota && token.RemainQuota = -283513 (request id: 202604121112038498250118268d9d66lkeyWPg)', 'type': 'new_api_error'}}
2026-04-12 19:12:03,896 - WARNING - 方法审阅跳过样本 200.json: API调用失败: Error code: 401 - {'error': {'code': '', 'message': '[sk-zlZ***KY6] 该令牌额度已用尽 !token.UnlimitedQuota && token.RemainQuota = -283513 (request id: 202604121112038498250118268d9d66lkeyWPg)', 'type': 'new_api_error'}}
2026-04-12 19:12:04,513 - ERROR - API调用异常: Error code: 401 - {'error': {'code': '', 'message': '[sk-zlZ***KY6] 该令牌额度已用尽 !token.UnlimitedQuota && token.RemainQuota = -283513 (request id: 202604121112044654732388268d9d6b4145QET)', 'type': 'new_api_error'}}
2026-04-12 19:12:05,019 - ERROR - API调用异常: Error code: 401 - {'error': {'code': '', 'message': '[sk-zlZ***KY6] 该令牌额度已用尽 !token.UnlimitedQuota && token.RemainQuota = -283513 (request id: 202604121112049748367258268d9d6XOhnKY0I)', 'type': 'new_api_error'}}
2026-04-12 19:12:05,514 - ERROR - API调用异常: Error code: 401 - {'error': {'code': '', 'message': '[sk-zlZ***KY6] 该令牌额度已用尽 !token.UnlimitedQuota && token.RemainQuota = -283513 (request id: 202604121112054663890148268d9d60Nc1Tato)', 'type': 'new_api_error'}}
2026-04-12 19:12:05,515 - WARNING - 方法审阅跳过样本 286.json: API调用失败: Error code: 401 - {'error': {'code': '', 'message': '[sk-zlZ***KY6] 该令牌额度已用尽 !token.UnlimitedQuota && token.RemainQuota = -283513 (request id: 202604121112054663890148268d9d60Nc1Tato)', 'type': 'new_api_error'}}
2026-04-12 19:12:05,516 - INFO - 方法审阅进度: 110/168
2026-04-12 19:12:06,005 - ERROR - API调用异常: Error code: 401 - {'error': {'code': '', 'message': '[sk-zlZ***KY6] 该令牌额度已用尽 !token.UnlimitedQuota && token.RemainQuota = -283513 (request id: 202604121112059631669598268d9d6OkXP19om)', 'type': 'new_api_error'}}
2026-04-12 19:12:06,519 - ERROR - API调用异常: Error code: 401 - {'error': {'code': '', 'message': '[sk-zlZ***KY6] 该令牌额度已用尽 !token.UnlimitedQuota && token.RemainQuota = -283513 (request id: 202604121112064732458868268d9d6NalHEgcq)', 'type': 'new_api_error'}}
2026-04-12 19:12:06,519 - WARNING - 方法审阅跳过样本 305.json: API调用失败: Error code: 401 - {'error': {'code': '', 'message': '[sk-zlZ***KY6] 该令牌额度已用尽 !token.UnlimitedQuota && token.RemainQuota = -283513 (request id: 202604121112064732458868268d9d6NalHEgcq)', 'type': 'new_api_error'}}
2026-04-12 19:12:07,008 - ERROR - API调用异常: Error code: 401 - {'error': {'code': '', 'message': '[sk-zlZ***KY6] 该令牌额度已用尽 !token.UnlimitedQuota && token.RemainQuota = -283513 (request id: 202604121112069681623428268d9d6VG7SvwVX)', 'type': 'new_api_error'}}
2026-04-12 19:12:07,513 - ERROR - API调用异常: Error code: 401 - {'error': {'code': '', 'message': '[sk-zlZ***KY6] 该令牌额度已用尽 !token.UnlimitedQuota && token.RemainQuota = -283513 (request id: 202604121112074690532878268d9d6khGmKQIE)', 'type': 'new_api_error'}}
2026-04-12 19:12:07,514 - WARNING - 方法审阅跳过样本 272.json: API调用失败: Error code: 401 - {'error': {'code': '', 'message': '[sk-zlZ***KY6] 该令牌额度已用尽 !token.UnlimitedQuota && token.RemainQuota = -283513 (request id: 202604121112074690532878268d9d6khGmKQIE)', 'type': 'new_api_error'}}
2026-04-12 19:12:08,029 - ERROR - API调用异常: Error code: 401 - {'error': {'code': '', 'message': '[sk-zlZ***KY6] 该令牌额度已用尽 !token.UnlimitedQuota && token.RemainQuota = -283513 (request id: 202604121112079876484368268d9d6oXN4aVpE)', 'type': 'new_api_error'}}
2026-04-12 19:12:08,530 - ERROR - API调用异常: Error code: 401 - {'error': {'code': '', 'message': '[sk-zlZ***KY6] 该令牌额度已用尽 !token.UnlimitedQuota && token.RemainQuota = -283513 (request id: 202604121112084856927668268d9d6iYyZmtco)', 'type': 'new_api_error'}}
2026-04-12 19:12:09,020 - ERROR - API调用异常: Error code: 401 - {'error': {'code': '', 'message': '[sk-zlZ***KY6] 该令牌额度已用尽 !token.UnlimitedQuota && token.RemainQuota = -283513 (request id: 202604121112089793899908268d9d6KKZezXQC)', 'type': 'new_api_error'}}
2026-04-12 19:12:09,524 - ERROR - API调用异常: Error code: 401 - {'error': {'code': '', 'message': '[sk-zlZ***KY6] 该令牌额度已用尽 !token.UnlimitedQuota && token.RemainQuota = -283513 (request id: 202604121112094809047588268d9d6vW1uqM1a)', 'type': 'new_api_error'}}
2026-04-12 19:12:09,525 - WARNING - 方法审阅跳过样本 210.json: API调用失败: Error code: 401 - {'error': {'code': '', 'message': '[sk-zlZ***KY6] 该令牌额度已用尽 !token.UnlimitedQuota && token.RemainQuota = -283513 (request id: 202604121112094809047588268d9d6vW1uqM1a)', 'type': 'new_api_error'}}
2026-04-12 19:12:10,022 - ERROR - API调用异常: Error code: 401 - {'error': {'code': '', 'message': '[sk-zlZ***KY6] 该令牌额度已用尽 !token.UnlimitedQuota && token.RemainQuota = -283513 (request id: 202604121112099811760048268d9d69EDmZLlY)', 'type': 'new_api_error'}}
2026-04-12 19:12:10,538 - ERROR - API调用异常: Error code: 401 - {'error': {'code': '', 'message': '[sk-zlZ***KY6] 该令牌额度已用尽 !token.UnlimitedQuota && token.RemainQuota = -283513 (request id: 202604121112104961144228268d9d65hlBuiBV)', 'type': 'new_api_error'}}
2026-04-12 19:12:11,033 - ERROR - API调用异常: Error code: 401 - {'error': {'code': '', 'message': '[sk-zlZ***KY6] 该令牌额度已用尽 !token.UnlimitedQuota && token.RemainQuota = -283513 (request id: 202604121112109867144558268d9d6Kk75ZByz)', 'type': 'new_api_error'}}
2026-04-12 19:12:11,531 - ERROR - API调用异常: Error code: 401 - {'error': {'code': '', 'message': '[sk-zlZ***KY6] 该令牌额度已用尽 !token.UnlimitedQuota && token.RemainQuota = -283513 (request id: 202604121112114870327188268d9d6N5oSx29z)', 'type': 'new_api_error'}}
2026-04-12 19:12:11,532 - WARNING - 方法审阅跳过样本 261.json: API调用失败: Error code: 401 - {'error': {'code': '', 'message': '[sk-zlZ***KY6] 该令牌额度已用尽 !token.UnlimitedQuota && token.RemainQuota = -283513 (request id: 202604121112114870327188268d9d6N5oSx29z)', 'type': 'new_api_error'}}
2026-04-12 19:12:12,054 - ERROR - API调用异常: Error code: 401 - {'error': {'code': '', 'message': '[sk-zlZ***KY6] 该令牌额度已用尽 !token.UnlimitedQuota && token.RemainQuota = -283513 (request id: 20260412111212119790308268d9d6cyAIRoJ3)', 'type': 'new_api_error'}}
2026-04-12 19:12:12,541 - ERROR - API调用异常: Error code: 401 - {'error': {'code': '', 'message': '[sk-zlZ***KY6] 该令牌额度已用尽 !token.UnlimitedQuota && token.RemainQuota = -283513 (request id: 202604121112124955895528268d9d6iwbjKsSl)', 'type': 'new_api_error'}}
2026-04-12 19:12:13,049 - ERROR - API调用异常: Error code: 401 - {'error': {'code': '', 'message': '[sk-zlZ***KY6] 该令牌额度已用尽 !token.UnlimitedQuota && token.RemainQuota = -283513 (request id: 2026041211121341165178268d9d69EWafEeb)', 'type': 'new_api_error'}}
2026-04-12 19:12:13,049 - WARNING - 方法审阅跳过样本 271.json: API调用失败: Error code: 401 - {'error': {'code': '', 'message': '[sk-zlZ***KY6] 该令牌额度已用尽 !token.UnlimitedQuota && token.RemainQuota = -283513 (request id: 2026041211121341165178268d9d69EWafEeb)', 'type': 'new_api_error'}}
2026-04-12 19:12:13,555 - ERROR - API调用异常: Error code: 401 - {'error': {'code': '', 'message': '[sk-zlZ***KY6] 该令牌额度已用尽 !token.UnlimitedQuota && token.RemainQuota = -283513 (request id: 202604121112135095391398268d9d6qhDJtrMr)', 'type': 'new_api_error'}}
2026-04-12 19:12:14,041 - ERROR - API调用异常: Error code: 401 - {'error': {'code': '', 'message': '[sk-zlZ***KY6] 该令牌额度已用尽 !token.UnlimitedQuota && token.RemainQuota = -283513 (request id: 202604121112139997933848268d9d69LVwUT0c)', 'type': 'new_api_error'}}
2026-04-12 19:12:14,041 - WARNING - 方法审阅跳过样本 285.json: API调用失败: Error code: 401 - {'error': {'code': '', 'message': '[sk-zlZ***KY6] 该令牌额度已用尽 !token.UnlimitedQuota && token.RemainQuota = -283513 (request id: 202604121112139997933848268d9d69LVwUT0c)', 'type': 'new_api_error'}}
2026-04-12 19:12:14,998 - ERROR - API调用异常: Error code: 401 - {'error': {'code': '', 'message': '[sk-zlZ***KY6] 该令牌额度已用尽 !token.UnlimitedQuota && token.RemainQuota = -332914 (request id: 202604121112145136332718268d9d6NMajofeW)', 'type': 'new_api_error'}}
2026-04-12 19:12:15,068 - ERROR - API调用异常: Error code: 401 - {'error': {'code': '', 'message': '[sk-zlZ***KY6] 该令牌额度已用尽 !token.UnlimitedQuota && token.RemainQuota = -332914 (request id: 20260412111215230566478268d9d6DIFDR3PS)', 'type': 'new_api_error'}}
2026-04-12 19:12:16,063 - ERROR - API调用异常: Error code: 401 - {'error': {'code': '', 'message': '[sk-zlZ***KY6] 该令牌额度已用尽 !token.UnlimitedQuota && token.RemainQuota = -332914 (request id: 20260412111216192363738268d9d6joWsg8jo)', 'type': 'new_api_error'}}
2026-04-12 19:12:16,079 - ERROR - API调用异常: Error code: 401 - {'error': {'code': '', 'message': '[sk-zlZ***KY6] 该令牌额度已用尽 !token.UnlimitedQuota && token.RemainQuota = -332914 (request id: 20260412111216390443478268d9d6hgnYaINI)', 'type': 'new_api_error'}}
2026-04-12 19:12:16,079 - WARNING - 方法审阅跳过样本 262.json: API调用失败: Error code: 401 - {'error': {'code': '', 'message': '[sk-zlZ***KY6] 该令牌额度已用尽 !token.UnlimitedQuota && token.RemainQuota = -332914 (request id: 20260412111216390443478268d9d6hgnYaINI)', 'type': 'new_api_error'}}
2026-04-12 19:12:16,563 - ERROR - API调用异常: Error code: 401 - {'error': {'code': '', 'message': '[sk-zlZ***KY6] 该令牌额度已用尽 !token.UnlimitedQuota && token.RemainQuota = -332914 (request id: 202604121112165174101838268d9d6lMSPSepJ)', 'type': 'new_api_error'}}
2026-04-12 19:12:16,564 - WARNING - 方法审阅跳过样本 259.json: API调用失败: Error code: 401 - {'error': {'code': '', 'message': '[sk-zlZ***KY6] 该令牌额度已用尽 !token.UnlimitedQuota && token.RemainQuota = -332914 (request id: 202604121112165174101838268d9d6lMSPSepJ)', 'type': 'new_api_error'}}
2026-04-12 19:12:17,089 - ERROR - API调用异常: Error code: 401 - {'error': {'code': '', 'message': '[sk-zlZ***KY6] 该令牌额度已用尽 !token.UnlimitedQuota && token.RemainQuota = -332914 (request id: 20260412111217357060208268d9d66XPIizvG)', 'type': 'new_api_error'}}
2026-04-12 19:12:17,606 - ERROR - API调用异常: Error code: 401 - {'error': {'code': '', 'message': '[sk-zlZ***KY6] 该令牌额度已用尽 !token.UnlimitedQuota && token.RemainQuota = -332914 (request id: 202604121112175651220658268d9d69vJmqCdD)', 'type': 'new_api_error'}}
2026-04-12 19:12:18,081 - ERROR - API调用异常: Error code: 401 - {'error': {'code': '', 'message': '[sk-zlZ***KY6] 该令牌额度已用尽 !token.UnlimitedQuota && token.RemainQuota = -332914 (request id: 20260412111218339621768268d9d6fXblbs0z)', 'type': 'new_api_error'}}
2026-04-12 19:12:18,561 - ERROR - API调用异常: Error code: 401 - {'error': {'code': '', 'message': '[sk-zlZ***KY6] 该令牌额度已用尽 !token.UnlimitedQuota && token.RemainQuota = -332914 (request id: 202604121112185188819768268d9d6zxBGvDiU)', 'type': 'new_api_error'}}
2026-04-12 19:12:19,104 - ERROR - API调用异常: Error code: 401 - {'error': {'code': '', 'message': '[sk-zlZ***KY6] 该令牌额度已用尽 !token.UnlimitedQuota && token.RemainQuota = -332914 (request id: 20260412111219341994058268d9d6rm7Ke3oD)', 'type': 'new_api_error'}}
2026-04-12 19:12:19,105 - WARNING - 方法审阅跳过样本 299.json: API调用失败: Error code: 401 - {'error': {'code': '', 'message': '[sk-zlZ***KY6] 该令牌额度已用尽 !token.UnlimitedQuota && token.RemainQuota = -332914 (request id: 20260412111219341994058268d9d6rm7Ke3oD)', 'type': 'new_api_error'}}
2026-04-12 19:12:19,730 - ERROR - API调用异常: Error code: 401 - {'error': {'code': '', 'message': '[sk-zlZ***KY6] 该令牌额度已用尽 !token.UnlimitedQuota && token.RemainQuota = -332914 (request id: 202604121112196893504108268d9d6FiNTPjhn)', 'type': 'new_api_error'}}
2026-04-12 19:12:20,240 - ERROR - API调用异常: Error code: 401 - {'error': {'code': '', 'message': '[sk-zlZ***KY6] 该令牌额度已用尽 !token.UnlimitedQuota && token.RemainQuota = -332914 (request id: 202604121112201951121038268d9d6nl3xNLko)', 'type': 'new_api_error'}}
2026-04-12 19:12:20,738 - ERROR - API调用异常: Error code: 401 - {'error': {'code': '', 'message': '[sk-zlZ***KY6] 该令牌额度已用尽 !token.UnlimitedQuota && token.RemainQuota = -332914 (request id: 202604121112206947475308268d9d6kZlvxjJw)', 'type': 'new_api_error'}}
2026-04-12 19:12:21,241 - ERROR - API调用异常: Error code: 401 - {'error': {'code': '', 'message': '[sk-zlZ***KY6] 该令牌额度已用尽 !token.UnlimitedQuota && token.RemainQuota = -332914 (request id: 202604121112211992703318268d9d6yeAp2Umo)', 'type': 'new_api_error'}}
2026-04-12 19:12:21,241 - WARNING - 方法审阅跳过样本 202.json: API调用失败: Error code: 401 - {'error': {'code': '', 'message': '[sk-zlZ***KY6] 该令牌额度已用尽 !token.UnlimitedQuota && token.RemainQuota = -332914 (request id: 202604121112211992703318268d9d6yeAp2Umo)', 'type': 'new_api_error'}}
2026-04-12 19:12:21,243 - INFO - 方法审阅进度: 120/168
2026-04-12 19:12:21,729 - ERROR - API调用异常: Error code: 401 - {'error': {'code': '', 'message': '[sk-zlZ***KY6] 该令牌额度已用尽 !token.UnlimitedQuota && token.RemainQuota = -332914 (request id: 202604121112216868071328268d9d67FURPmac)', 'type': 'new_api_error'}}
2026-04-12 19:12:21,730 - WARNING - 方法审阅跳过样本 292.json: API调用失败: Error code: 401 - {'error': {'code': '', 'message': '[sk-zlZ***KY6] 该令牌额度已用尽 !token.UnlimitedQuota && token.RemainQuota = -332914 (request id: 202604121112216868071328268d9d67FURPmac)', 'type': 'new_api_error'}}
2026-04-12 19:12:22,243 - ERROR - API调用异常: Error code: 401 - {'error': {'code': '', 'message': '[sk-zlZ***KY6] 该令牌额度已用尽 !token.UnlimitedQuota && token.RemainQuota = -332914 (request id: 202604121112221979979738268d9d6iFcNvwjq)', 'type': 'new_api_error'}}
2026-04-12 19:12:23,234 - ERROR - API调用异常: Error code: 401 - {'error': {'code': '', 'message': '[sk-zlZ***KY6] 该令牌额度已用尽 !token.UnlimitedQuota && token.RemainQuota = -332914 (request id: 202604121112231914475888268d9d6wLJ4U84I)', 'type': 'new_api_error'}}
2026-04-12 19:12:23,235 - WARNING - 方法审阅跳过样本 211.json: API调用失败: Error code: 401 - {'error': {'code': '', 'message': '[sk-zlZ***KY6] 该令牌额度已用尽 !token.UnlimitedQuota && token.RemainQuota = -332914 (request id: 202604121112231914475888268d9d6wLJ4U84I)', 'type': 'new_api_error'}}
2026-04-12 19:12:23,312 - ERROR - API调用异常: Error code: 401 - {'error': {'code': '', 'message': '[sk-zlZ***KY6] 该令牌额度已用尽 !token.UnlimitedQuota && token.RemainQuota = -332914 (request id: 202604121112232707925188268d9d6SZ7ldTdw)', 'type': 'new_api_error'}}
2026-04-12 19:12:24,187 - ERROR - API调用异常: Error code: 401 - {'error': {'code': '', 'message': '[sk-zlZ***KY6] 该令牌额度已用尽 !token.UnlimitedQuota && token.RemainQuota = -332914 (request id: 202604121112241429870688268d9d6ixrKrwHz)', 'type': 'new_api_error'}}
2026-04-12 19:12:24,264 - ERROR - API调用异常: Error code: 401 - {'error': {'code': '', 'message': '[sk-zlZ***KY6] 该令牌额度已用尽 !token.UnlimitedQuota && token.RemainQuota = -332914 (request id: 202604121112242162375738268d9d6qsydBUu2)', 'type': 'new_api_error'}}
2026-04-12 19:12:24,264 - WARNING - 方法审阅跳过样本 270.json: API调用失败: Error code: 401 - {'error': {'code': '', 'message': '[sk-zlZ***KY6] 该令牌额度已用尽 !token.UnlimitedQuota && token.RemainQuota = -332914 (request id: 202604121112242162375738268d9d6qsydBUu2)', 'type': 'new_api_error'}}
2026-04-12 19:12:24,764 - ERROR - API调用异常: Error code: 401 - {'error': {'code': '', 'message': '[sk-zlZ***KY6] 该令牌额度已用尽 !token.UnlimitedQuota && token.RemainQuota = -332914 (request id: 202604121112247181255368268d9d63VZkT36k)', 'type': 'new_api_error'}}
2026-04-12 19:12:25,259 - ERROR - API调用异常: Error code: 401 - {'error': {'code': '', 'message': '[sk-zlZ***KY6] 该令牌额度已用尽 !token.UnlimitedQuota && token.RemainQuota = -332914 (request id: 202604121112252135415158268d9d650axZIBA)', 'type': 'new_api_error'}}
2026-04-12 19:12:25,749 - ERROR - API调用异常: Error code: 401 - {'error': {'code': '', 'message': '[sk-zlZ***KY6] 该令牌额度已用尽 !token.UnlimitedQuota && token.RemainQuota = -332914 (request id: 202604121112257085777248268d9d6L5gXUPDp)', 'type': 'new_api_error'}}
2026-04-12 19:12:26,265 - ERROR - API调用异常: Error code: 401 - {'error': {'code': '', 'message': '[sk-zlZ***KY6] 该令牌额度已用尽 !token.UnlimitedQuota && token.RemainQuota = -332914 (request id: 202604121112262169493208268d9d6RClMnu5H)', 'type': 'new_api_error'}}
2026-04-12 19:12:26,838 - ERROR - API调用异常: Error code: 401 - {'error': {'code': '', 'message': '[sk-zlZ***KY6] 该令牌额度已用尽 !token.UnlimitedQuota && token.RemainQuota = -332914 (request id: 202604121112267897167668268d9d6gYdfpkUz)', 'type': 'new_api_error'}}
2026-04-12 19:12:26,839 - WARNING - 方法审阅跳过样本 204.json: API调用失败: Error code: 401 - {'error': {'code': '', 'message': '[sk-zlZ***KY6] 该令牌额度已用尽 !token.UnlimitedQuota && token.RemainQuota = -332914 (request id: 202604121112267897167668268d9d6gYdfpkUz)', 'type': 'new_api_error'}}
2026-04-12 19:12:27,392 - ERROR - API调用异常: Error code: 401 - {'error': {'code': '', 'message': '[sk-zlZ***KY6] 该令牌额度已用尽 !token.UnlimitedQuota && token.RemainQuota = -332914 (request id: 202604121112273490910618268d9d6x9FiZjlT)', 'type': 'new_api_error'}}
2026-04-12 19:12:27,907 - ERROR - API调用异常: Error code: 401 - {'error': {'code': '', 'message': '[sk-zlZ***KY6] 该令牌额度已用尽 !token.UnlimitedQuota && token.RemainQuota = -332914 (request id: 202604121112278668570338268d9d6DFOGC3Nb)', 'type': 'new_api_error'}}
2026-04-12 19:12:28,412 - ERROR - API调用异常: Error code: 401 - {'error': {'code': '', 'message': '[sk-zlZ***KY6] 该令牌额度已用尽 !token.UnlimitedQuota && token.RemainQuota = -332914 (request id: 202604121112283687274118268d9d62w76ti4M)', 'type': 'new_api_error'}}
2026-04-12 19:12:28,413 - WARNING - 方法审阅跳过样本 296.json: API调用失败: Error code: 401 - {'error': {'code': '', 'message': '[sk-zlZ***KY6] 该令牌额度已用尽 !token.UnlimitedQuota && token.RemainQuota = -332914 (request id: 202604121112283687274118268d9d62w76ti4M)', 'type': 'new_api_error'}}
2026-04-12 19:12:28,926 - ERROR - API调用异常: Error code: 401 - {'error': {'code': '', 'message': '[sk-zlZ***KY6] 该令牌额度已用尽 !token.UnlimitedQuota && token.RemainQuota = -332914 (request id: 202604121112288826152098268d9d6VhYoaUyl)', 'type': 'new_api_error'}}
2026-04-12 19:12:29,411 - ERROR - API调用异常: Error code: 401 - {'error': {'code': '', 'message': '[sk-zlZ***KY6] 该令牌额度已用尽 !token.UnlimitedQuota && token.RemainQuota = -332914 (request id: 202604121112293642350768268d9d6yi6FfxUh)', 'type': 'new_api_error'}}
2026-04-12 19:12:29,411 - WARNING - 方法审阅跳过样本 222.json: API调用失败: Error code: 401 - {'error': {'code': '', 'message': '[sk-zlZ***KY6] 该令牌额度已用尽 !token.UnlimitedQuota && token.RemainQuota = -332914 (request id: 202604121112293642350768268d9d6yi6FfxUh)', 'type': 'new_api_error'}}
2026-04-12 19:12:29,913 - ERROR - API调用异常: Error code: 401 - {'error': {'code': '', 'message': '[sk-zlZ***KY6] 该令牌额度已用尽 !token.UnlimitedQuota && token.RemainQuota = -332914 (request id: 202604121112298720092458268d9d6oBloz3TA)', 'type': 'new_api_error'}}
2026-04-12 19:12:30,412 - ERROR - API调用异常: Error code: 401 - {'error': {'code': '', 'message': '[sk-zlZ***KY6] 该令牌额度已用尽 !token.UnlimitedQuota && token.RemainQuota = -332914 (request id: 202604121112303622507078268d9d6FFSwk75s)', 'type': 'new_api_error'}}
2026-04-12 19:12:30,413 - WARNING - 方法审阅跳过样本 282.json: API调用失败: Error code: 401 - {'error': {'code': '', 'message': '[sk-zlZ***KY6] 该令牌额度已用尽 !token.UnlimitedQuota && token.RemainQuota = -332914 (request id: 202604121112303622507078268d9d6FFSwk75s)', 'type': 'new_api_error'}}
2026-04-12 19:12:30,917 - ERROR - API调用异常: Error code: 401 - {'error': {'code': '', 'message': '[sk-zlZ***KY6] 该令牌额度已用尽 !token.UnlimitedQuota && token.RemainQuota = -332914 (request id: 202604121112308694778758268d9d6UGnQ2qW9)', 'type': 'new_api_error'}}
2026-04-12 19:12:31,422 - ERROR - API调用异常: Error code: 401 - {'error': {'code': '', 'message': '[sk-zlZ***KY6] 该令牌额度已用尽 !token.UnlimitedQuota && token.RemainQuota = -332914 (request id: 202604121112313751170218268d9d6PT0XL12K)', 'type': 'new_api_error'}}
2026-04-12 19:12:31,915 - ERROR - API调用异常: Error code: 401 - {'error': {'code': '', 'message': '[sk-zlZ***KY6] 该令牌额度已用尽 !token.UnlimitedQuota && token.RemainQuota = -332914 (request id: 202604121112318746886268268d9d6qhbs4oc2)', 'type': 'new_api_error'}}
2026-04-12 19:12:32,434 - ERROR - API调用异常: Error code: 401 - {'error': {'code': '', 'message': '[sk-zlZ***KY6] 该令牌额度已用尽 !token.UnlimitedQuota && token.RemainQuota = -332914 (request id: 202604121112323874635808268d9d6U3v2LDfh)', 'type': 'new_api_error'}}
2026-04-12 19:12:32,434 - WARNING - 方法审阅跳过样本 307.json: API调用失败: Error code: 401 - {'error': {'code': '', 'message': '[sk-zlZ***KY6] 该令牌额度已用尽 !token.UnlimitedQuota && token.RemainQuota = -332914 (request id: 202604121112323874635808268d9d6U3v2LDfh)', 'type': 'new_api_error'}}
2026-04-12 19:12:32,913 - ERROR - API调用异常: Error code: 401 - {'error': {'code': '', 'message': '[sk-zlZ***KY6] 该令牌额度已用尽 !token.UnlimitedQuota && token.RemainQuota = -332914 (request id: 202604121112328718697458268d9d65miGOolX)', 'type': 'new_api_error'}}
2026-04-12 19:12:33,478 - ERROR - API调用异常: Error code: 401 - {'error': {'code': '', 'message': '[sk-zlZ***KY6] 该令牌额度已用尽 !token.UnlimitedQuota && token.RemainQuota = -332914 (request id: 202604121112333823497428268d9d6W0ikVuGj)', 'type': 'new_api_error'}}
2026-04-12 19:12:33,926 - ERROR - API调用异常: Error code: 401 - {'error': {'code': '', 'message': '[sk-zlZ***KY6] 该令牌额度已用尽 !token.UnlimitedQuota && token.RemainQuota = -332914 (request id: 202604121112338816614448268d9d65WhhFg0q)', 'type': 'new_api_error'}}
2026-04-12 19:12:34,422 - ERROR - API调用异常: Error code: 401 - {'error': {'code': '', 'message': '[sk-zlZ***KY6] 该令牌额度已用尽 !token.UnlimitedQuota && token.RemainQuota = -332914 (request id: 202604121112343769365058268d9d659HJsvVd)', 'type': 'new_api_error'}}
2026-04-12 19:12:34,422 - WARNING - 方法审阅跳过样本 201.json: API调用失败: Error code: 401 - {'error': {'code': '', 'message': '[sk-zlZ***KY6] 该令牌额度已用尽 !token.UnlimitedQuota && token.RemainQuota = -332914 (request id: 202604121112343769365058268d9d659HJsvVd)', 'type': 'new_api_error'}}
2026-04-12 19:12:34,931 - ERROR - API调用异常: Error code: 401 - {'error': {'code': '', 'message': '[sk-zlZ***KY6] 该令牌额度已用尽 !token.UnlimitedQuota && token.RemainQuota = -332914 (request id: 202604121112348895055798268d9d6ETuP2E31)', 'type': 'new_api_error'}}
2026-04-12 19:12:35,438 - ERROR - API调用异常: Error code: 401 - {'error': {'code': '', 'message': '[sk-zlZ***KY6] 该令牌额度已用尽 !token.UnlimitedQuota && token.RemainQuota = -332914 (request id: 202604121112353954158318268d9d6vf4xiHY5)', 'type': 'new_api_error'}}
2026-04-12 19:12:35,948 - ERROR - API调用异常: Error code: 401 - {'error': {'code': '', 'message': '[sk-zlZ***KY6] 该令牌额度已用尽 !token.UnlimitedQuota && token.RemainQuota = -332914 (request id: 202604121112359015503708268d9d6UDs8O0JB)', 'type': 'new_api_error'}}
2026-04-12 19:12:35,949 - WARNING - 方法审阅跳过样本 221.json: API调用失败: Error code: 401 - {'error': {'code': '', 'message': '[sk-zlZ***KY6] 该令牌额度已用尽 !token.UnlimitedQuota && token.RemainQuota = -332914 (request id: 202604121112359015503708268d9d6UDs8O0JB)', 'type': 'new_api_error'}}
2026-04-12 19:12:35,951 - INFO - 方法审阅进度: 130/168
2026-04-12 19:12:36,441 - ERROR - API调用异常: Error code: 401 - {'error': {'code': '', 'message': '[sk-zlZ***KY6] 该令牌额度已用尽 !token.UnlimitedQuota && token.RemainQuota = -332914 (request id: 202604121112363932889388268d9d6eT9da7ZX)', 'type': 'new_api_error'}}
2026-04-12 19:12:36,940 - ERROR - API调用异常: Error code: 401 - {'error': {'code': '', 'message': '[sk-zlZ***KY6] 该令牌额度已用尽 !token.UnlimitedQuota && token.RemainQuota = -332914 (request id: 202604121112368953753978268d9d6pen9wWsF)', 'type': 'new_api_error'}}
2026-04-12 19:12:36,941 - WARNING - 方法审阅跳过样本 280.json: API调用失败: Error code: 401 - {'error': {'code': '', 'message': '[sk-zlZ***KY6] 该令牌额度已用尽 !token.UnlimitedQuota && token.RemainQuota = -332914 (request id: 202604121112368953753978268d9d6pen9wWsF)', 'type': 'new_api_error'}}
2026-04-12 19:12:37,437 - ERROR - API调用异常: Error code: 401 - {'error': {'code': '', 'message': '[sk-zlZ***KY6] 该令牌额度已用尽 !token.UnlimitedQuota && token.RemainQuota = -332914 (request id: 202604121112373908517998268d9d6agCgKEuu)', 'type': 'new_api_error'}}
2026-04-12 19:12:37,952 - ERROR - API调用异常: Error code: 401 - {'error': {'code': '', 'message': '[sk-zlZ***KY6] 该令牌额度已用尽 !token.UnlimitedQuota && token.RemainQuota = -332914 (request id: 202604121112379092459528268d9d60WtY7ye1)', 'type': 'new_api_error'}}
2026-04-12 19:12:37,953 - WARNING - 方法审阅跳过样本 240.json: API调用失败: Error code: 401 - {'error': {'code': '', 'message': '[sk-zlZ***KY6] 该令牌额度已用尽 !token.UnlimitedQuota && token.RemainQuota = -332914 (request id: 202604121112379092459528268d9d60WtY7ye1)', 'type': 'new_api_error'}}
2026-04-12 19:12:38,435 - ERROR - API调用异常: Error code: 401 - {'error': {'code': '', 'message': '[sk-zlZ***KY6] 该令牌额度已用尽 !token.UnlimitedQuota && token.RemainQuota = -332914 (request id: 202604121112383920551898268d9d64ipbbVrl)', 'type': 'new_api_error'}}
2026-04-12 19:12:38,952 - ERROR - API调用异常: Error code: 401 - {'error': {'code': '', 'message': '[sk-zlZ***KY6] 该令牌额度已用尽 !token.UnlimitedQuota && token.RemainQuota = -332914 (request id: 202604121112389112091558268d9d62cqBtdQj)', 'type': 'new_api_error'}}
2026-04-12 19:12:39,441 - ERROR - API调用异常: Error code: 401 - {'error': {'code': '', 'message': '[sk-zlZ***KY6] 该令牌额度已用尽 !token.UnlimitedQuota && token.RemainQuota = -332914 (request id: 202604121112393962920758268d9d6ttZbQ0sr)', 'type': 'new_api_error'}}
2026-04-12 19:12:39,942 - ERROR - API调用异常: Error code: 401 - {'error': {'code': '', 'message': '[sk-zlZ***KY6] 该令牌额度已用尽 !token.UnlimitedQuota && token.RemainQuota = -332914 (request id: 202604121112398985581758268d9d6NgsCfkuP)', 'type': 'new_api_error'}}
2026-04-12 19:12:39,942 - WARNING - 方法审阅跳过样本 263.json: API调用失败: Error code: 401 - {'error': {'code': '', 'message': '[sk-zlZ***KY6] 该令牌额度已用尽 !token.UnlimitedQuota && token.RemainQuota = -332914 (request id: 202604121112398985581758268d9d6NgsCfkuP)', 'type': 'new_api_error'}}
2026-04-12 19:12:40,447 - ERROR - API调用异常: Error code: 401 - {'error': {'code': '', 'message': '[sk-zlZ***KY6] 该令牌额度已用尽 !token.UnlimitedQuota && token.RemainQuota = -332914 (request id: 202604121112404019574568268d9d6EF2D1upr)', 'type': 'new_api_error'}}
2026-04-12 19:12:40,950 - ERROR - API调用异常: Error code: 401 - {'error': {'code': '', 'message': '[sk-zlZ***KY6] 该令牌额度已用尽 !token.UnlimitedQuota && token.RemainQuota = -332914 (request id: 202604121112409087032968268d9d6W8i0OcKd)', 'type': 'new_api_error'}}
2026-04-12 19:12:41,464 - ERROR - API调用异常: Error code: 401 - {'error': {'code': '', 'message': '[sk-zlZ***KY6] 该令牌额度已用尽 !token.UnlimitedQuota && token.RemainQuota = -332914 (request id: 202604121112414165198658268d9d63ueuAmHA)', 'type': 'new_api_error'}}
2026-04-12 19:12:41,953 - ERROR - API调用异常: Error code: 401 - {'error': {'code': '', 'message': '[sk-zlZ***KY6] 该令牌额度已用尽 !token.UnlimitedQuota && token.RemainQuota = -332914 (request id: 202604121112419076134318268d9d6MBo4MTBy)', 'type': 'new_api_error'}}
2026-04-12 19:12:41,954 - WARNING - 方法审阅跳过样本 224.json: API调用失败: Error code: 401 - {'error': {'code': '', 'message': '[sk-zlZ***KY6] 该令牌额度已用尽 !token.UnlimitedQuota && token.RemainQuota = -332914 (request id: 202604121112419076134318268d9d6MBo4MTBy)', 'type': 'new_api_error'}}
2026-04-12 19:12:42,477 - ERROR - API调用异常: Error code: 401 - {'error': {'code': '', 'message': '[sk-zlZ***KY6] 该令牌额度已用尽 !token.UnlimitedQuota && token.RemainQuota = -332914 (request id: 202604121112424318079668268d9d6aayYnU1X)', 'type': 'new_api_error'}}
2026-04-12 19:12:42,959 - ERROR - API调用异常: Error code: 401 - {'error': {'code': '', 'message': '[sk-zlZ***KY6] 该令牌额度已用尽 !token.UnlimitedQuota && token.RemainQuota = -332914 (request id: 202604121112429153023378268d9d6pXW5SDzw)', 'type': 'new_api_error'}}
2026-04-12 19:12:43,470 - ERROR - API调用异常: Error code: 401 - {'error': {'code': '', 'message': '[sk-zlZ***KY6] 该令牌额度已用尽 !token.UnlimitedQuota && token.RemainQuota = -332914 (request id: 202604121112434227972518268d9d6UZltLg9o)', 'type': 'new_api_error'}}
2026-04-12 19:12:43,471 - WARNING - 方法审阅跳过样本 277.json: API调用失败: Error code: 401 - {'error': {'code': '', 'message': '[sk-zlZ***KY6] 该令牌额度已用尽 !token.UnlimitedQuota && token.RemainQuota = -332914 (request id: 202604121112434227972518268d9d6UZltLg9o)', 'type': 'new_api_error'}}
2026-04-12 19:12:43,966 - ERROR - API调用异常: Error code: 401 - {'error': {'code': '', 'message': '[sk-zlZ***KY6] 该令牌额度已用尽 !token.UnlimitedQuota && token.RemainQuota = -332914 (request id: 202604121112439214267628268d9d6enlbETGE)', 'type': 'new_api_error'}}
2026-04-12 19:12:44,482 - ERROR - API调用异常: Error code: 401 - {'error': {'code': '', 'message': '[sk-zlZ***KY6] 该令牌额度已用尽 !token.UnlimitedQuota && token.RemainQuota = -332914 (request id: 202604121112444373693808268d9d6FDuysp0E)', 'type': 'new_api_error'}}
2026-04-12 19:12:44,482 - WARNING - 方法审阅跳过样本 260.json: API调用失败: Error code: 401 - {'error': {'code': '', 'message': '[sk-zlZ***KY6] 该令牌额度已用尽 !token.UnlimitedQuota && token.RemainQuota = -332914 (request id: 202604121112444373693808268d9d6FDuysp0E)', 'type': 'new_api_error'}}
2026-04-12 19:12:44,965 - ERROR - API调用异常: Error code: 401 - {'error': {'code': '', 'message': '[sk-zlZ***KY6] 该令牌额度已用尽 !token.UnlimitedQuota && token.RemainQuota = -332914 (request id: 202604121112449228221038268d9d6uQ6RasWp)', 'type': 'new_api_error'}}
2026-04-12 19:12:45,482 - ERROR - API调用异常: Error code: 401 - {'error': {'code': '', 'message': '[sk-zlZ***KY6] 该令牌额度已用尽 !token.UnlimitedQuota && token.RemainQuota = -332914 (request id: 202604121112454354594218268d9d6qaPvX8pH)', 'type': 'new_api_error'}}
2026-04-12 19:12:45,988 - ERROR - API调用异常: Error code: 401 - {'error': {'code': '', 'message': '[sk-zlZ***KY6] 该令牌额度已用尽 !token.UnlimitedQuota && token.RemainQuota = -332914 (request id: 202604121112459463469648268d9d61BnsMnWa)', 'type': 'new_api_error'}}
2026-04-12 19:12:45,989 - WARNING - 方法审阅跳过样本 254.json: API调用失败: Error code: 401 - {'error': {'code': '', 'message': '[sk-zlZ***KY6] 该令牌额度已用尽 !token.UnlimitedQuota && token.RemainQuota = -332914 (request id: 202604121112459463469648268d9d61BnsMnWa)', 'type': 'new_api_error'}}
2026-04-12 19:12:46,486 - ERROR - API调用异常: Error code: 401 - {'error': {'code': '', 'message': '[sk-zlZ***KY6] 该令牌额度已用尽 !token.UnlimitedQuota && token.RemainQuota = -332914 (request id: 202604121112464408811538268d9d6Q40DE2PU)', 'type': 'new_api_error'}}
2026-04-12 19:12:46,971 - ERROR - API调用异常: Error code: 401 - {'error': {'code': '', 'message': '[sk-zlZ***KY6] 该令牌额度已用尽 !token.UnlimitedQuota && token.RemainQuota = -332914 (request id: 202604121112469280484928268d9d6OjXLzdjT)', 'type': 'new_api_error'}}
2026-04-12 19:12:46,971 - WARNING - 方法审阅跳过样本 279.json: API调用失败: Error code: 401 - {'error': {'code': '', 'message': '[sk-zlZ***KY6] 该令牌额度已用尽 !token.UnlimitedQuota && token.RemainQuota = -332914 (request id: 202604121112469280484928268d9d6OjXLzdjT)', 'type': 'new_api_error'}}
2026-04-12 19:12:47,488 - ERROR - API调用异常: Error code: 401 - {'error': {'code': '', 'message': '[sk-zlZ***KY6] 该令牌额度已用尽 !token.UnlimitedQuota && token.RemainQuota = -332914 (request id: 202604121112474435189888268d9d6xF0sdVLs)', 'type': 'new_api_error'}}
2026-04-12 19:12:47,998 - ERROR - API调用异常: Error code: 401 - {'error': {'code': '', 'message': '[sk-zlZ***KY6] 该令牌额度已用尽 !token.UnlimitedQuota && token.RemainQuota = -332914 (request id: 202604121112479534930588268d9d6lfdKdzbh)', 'type': 'new_api_error'}}
2026-04-12 19:12:48,497 - ERROR - API调用异常: Error code: 401 - {'error': {'code': '', 'message': '[sk-zlZ***KY6] 该令牌额度已用尽 !token.UnlimitedQuota && token.RemainQuota = -332914 (request id: 202604121112484482866388268d9d6FJTpMhl4)', 'type': 'new_api_error'}}
2026-04-12 19:12:49,013 - ERROR - API调用异常: Error code: 401 - {'error': {'code': '', 'message': '[sk-zlZ***KY6] 该令牌额度已用尽 !token.UnlimitedQuota && token.RemainQuota = -332914 (request id: 202604121112489588182068268d9d6e1tdKkIS)', 'type': 'new_api_error'}}
2026-04-12 19:12:49,505 - ERROR - API调用异常: Error code: 401 - {'error': {'code': '', 'message': '[sk-zlZ***KY6] 该令牌额度已用尽 !token.UnlimitedQuota && token.RemainQuota = -332914 (request id: 202604121112494558609898268d9d66TCojl3l)', 'type': 'new_api_error'}}
2026-04-12 19:12:49,506 - WARNING - 方法审阅跳过样本 242.json: API调用失败: Error code: 401 - {'error': {'code': '', 'message': '[sk-zlZ***KY6] 该令牌额度已用尽 !token.UnlimitedQuota && token.RemainQuota = -332914 (request id: 202604121112494558609898268d9d66TCojl3l)', 'type': 'new_api_error'}}
2026-04-12 19:12:50,144 - ERROR - API调用异常: Error code: 401 - {'error': {'code': '', 'message': '[sk-zlZ***KY6] 该令牌额度已用尽 !token.UnlimitedQuota && token.RemainQuota = -332914 (request id: 20260412111250974061418268d9d62cp44NlP)', 'type': 'new_api_error'}}
2026-04-12 19:12:50,636 - ERROR - API调用异常: Error code: 401 - {'error': {'code': '', 'message': '[sk-zlZ***KY6] 该令牌额度已用尽 !token.UnlimitedQuota && token.RemainQuota = -332914 (request id: 202604121112505912513468268d9d6gvcqszER)', 'type': 'new_api_error'}}
2026-04-12 19:12:51,132 - ERROR - API调用异常: Error code: 401 - {'error': {'code': '', 'message': '[sk-zlZ***KY6] 该令牌额度已用尽 !token.UnlimitedQuota && token.RemainQuota = -332914 (request id: 20260412111251945441778268d9d69CbBGeOH)', 'type': 'new_api_error'}}
2026-04-12 19:12:51,133 - WARNING - 方法审阅跳过样本 267.json: API调用失败: Error code: 401 - {'error': {'code': '', 'message': '[sk-zlZ***KY6] 该令牌额度已用尽 !token.UnlimitedQuota && token.RemainQuota = -332914 (request id: 20260412111251945441778268d9d69CbBGeOH)', 'type': 'new_api_error'}}
2026-04-12 19:12:51,134 - INFO - 方法审阅进度: 140/168
2026-04-12 19:12:51,623 - ERROR - API调用异常: Error code: 401 - {'error': {'code': '', 'message': '[sk-zlZ***KY6] 该令牌额度已用尽 !token.UnlimitedQuota && token.RemainQuota = -332914 (request id: 202604121112515779816438268d9d6pDsBDUpv)', 'type': 'new_api_error'}}
2026-04-12 19:12:52,130 - ERROR - API调用异常: Error code: 401 - {'error': {'code': '', 'message': '[sk-zlZ***KY6] 该令牌额度已用尽 !token.UnlimitedQuota && token.RemainQuota = -332914 (request id: 20260412111252883980928268d9d65IWZIMNy)', 'type': 'new_api_error'}}
2026-04-12 19:12:52,130 - WARNING - 方法审阅跳过样本 257.json: API调用失败: Error code: 401 - {'error': {'code': '', 'message': '[sk-zlZ***KY6] 该令牌额度已用尽 !token.UnlimitedQuota && token.RemainQuota = -332914 (request id: 20260412111252883980928268d9d65IWZIMNy)', 'type': 'new_api_error'}}
2026-04-12 19:12:52,643 - ERROR - API调用异常: Error code: 401 - {'error': {'code': '', 'message': '[sk-zlZ***KY6] 该令牌额度已用尽 !token.UnlimitedQuota && token.RemainQuota = -332914 (request id: 202604121112525976887958268d9d6ibhRRsgC)', 'type': 'new_api_error'}}
2026-04-12 19:12:53,143 - ERROR - API调用异常: Error code: 401 - {'error': {'code': '', 'message': '[sk-zlZ***KY6] 该令牌额度已用尽 !token.UnlimitedQuota && token.RemainQuota = -332914 (request id: 202604121112531022296388268d9d6I2w3W4gp)', 'type': 'new_api_error'}}
2026-04-12 19:12:53,636 - ERROR - API调用异常: Error code: 401 - {'error': {'code': '', 'message': '[sk-zlZ***KY6] 该令牌额度已用尽 !token.UnlimitedQuota && token.RemainQuota = -332914 (request id: 202604121112535890564818268d9d6hlVmycIU)', 'type': 'new_api_error'}}
2026-04-12 19:12:53,636 - WARNING - 方法审阅跳过样本 268.json: API调用失败: Error code: 401 - {'error': {'code': '', 'message': '[sk-zlZ***KY6] 该令牌额度已用尽 !token.UnlimitedQuota && token.RemainQuota = -332914 (request id: 202604121112535890564818268d9d6hlVmycIU)', 'type': 'new_api_error'}}
2026-04-12 19:12:54,152 - ERROR - API调用异常: Error code: 401 - {'error': {'code': '', 'message': '[sk-zlZ***KY6] 该令牌额度已用尽 !token.UnlimitedQuota && token.RemainQuota = -332914 (request id: 202604121112541081658538268d9d6fSR0seKK)', 'type': 'new_api_error'}}
2026-04-12 19:12:54,655 - ERROR - API调用异常: Error code: 401 - {'error': {'code': '', 'message': '[sk-zlZ***KY6] 该令牌额度已用尽 !token.UnlimitedQuota && token.RemainQuota = -332914 (request id: 202604121112546072449608268d9d6dVMQpe7j)', 'type': 'new_api_error'}}
2026-04-12 19:12:54,656 - WARNING - 方法审阅跳过样本 223.json: API调用失败: Error code: 401 - {'error': {'code': '', 'message': '[sk-zlZ***KY6] 该令牌额度已用尽 !token.UnlimitedQuota && token.RemainQuota = -332914 (request id: 202604121112546072449608268d9d6dVMQpe7j)', 'type': 'new_api_error'}}
2026-04-12 19:12:55,139 - ERROR - API调用异常: Error code: 401 - {'error': {'code': '', 'message': '[sk-zlZ***KY6] 该令牌额度已用尽 !token.UnlimitedQuota && token.RemainQuota = -332914 (request id: 20260412111255989509278268d9d6taAeOEbm)', 'type': 'new_api_error'}}
2026-04-12 19:12:55,648 - ERROR - API调用异常: Error code: 401 - {'error': {'code': '', 'message': '[sk-zlZ***KY6] 该令牌额度已用尽 !token.UnlimitedQuota && token.RemainQuota = -332914 (request id: 202604121112556010404118268d9d6b8QDNR33)', 'type': 'new_api_error'}}
2026-04-12 19:12:56,153 - ERROR - API调用异常: Error code: 401 - {'error': {'code': '', 'message': '[sk-zlZ***KY6] 该令牌额度已用尽 !token.UnlimitedQuota && token.RemainQuota = -332914 (request id: 202604121112561139758278268d9d6r98YvKiQ)', 'type': 'new_api_error'}}
2026-04-12 19:12:57,097 - ERROR - API调用异常: Error code: 401 - {'error': {'code': '', 'message': '[sk-zlZ***KY6] 该令牌额度已用尽 !token.UnlimitedQuota && token.RemainQuota = -332914 (request id: 20260412111257516734308268d9d6VZSMqtO1)', 'type': 'new_api_error'}}
2026-04-12 19:12:57,156 - ERROR - API调用异常: Error code: 401 - {'error': {'code': '', 'message': '[sk-zlZ***KY6] 该令牌额度已用尽 !token.UnlimitedQuota && token.RemainQuota = -332914 (request id: 202604121112571137722918268d9d6Voce8C0H)', 'type': 'new_api_error'}}
2026-04-12 19:12:57,156 - WARNING - 方法审阅跳过样本 269.json: API调用失败: Error code: 401 - {'error': {'code': '', 'message': '[sk-zlZ***KY6] 该令牌额度已用尽 !token.UnlimitedQuota && token.RemainQuota = -332914 (request id: 202604121112571137722918268d9d6Voce8C0H)', 'type': 'new_api_error'}}
2026-04-12 19:12:57,802 - ERROR - API调用异常: Error code: 401 - {'error': {'code': '', 'message': '[sk-zlZ***KY6] 该令牌额度已用尽 !token.UnlimitedQuota && token.RemainQuota = -332914 (request id: 202604121112577524419608268d9d6G5Lblh1e)', 'type': 'new_api_error'}}
2026-04-12 19:12:58,289 - ERROR - API调用异常: Error code: 401 - {'error': {'code': '', 'message': '[sk-zlZ***KY6] 该令牌额度已用尽 !token.UnlimitedQuota && token.RemainQuota = -332914 (request id: 202604121112582457069558268d9d6bL4DGMQ6)', 'type': 'new_api_error'}}
2026-04-12 19:12:58,793 - ERROR - API调用异常: Error code: 401 - {'error': {'code': '', 'message': '[sk-zlZ***KY6] 该令牌额度已用尽 !token.UnlimitedQuota && token.RemainQuota = -332914 (request id: 202604121112587463333408268d9d6pwwsjT3v)', 'type': 'new_api_error'}}
2026-04-12 19:12:58,793 - WARNING - 方法审阅跳过样本 252.json: API调用失败: Error code: 401 - {'error': {'code': '', 'message': '[sk-zlZ***KY6] 该令牌额度已用尽 !token.UnlimitedQuota && token.RemainQuota = -332914 (request id: 202604121112587463333408268d9d6pwwsjT3v)', 'type': 'new_api_error'}}
2026-04-12 19:12:59,286 - ERROR - API调用异常: Error code: 401 - {'error': {'code': '', 'message': '[sk-zlZ***KY6] 该令牌额度已用尽 !token.UnlimitedQuota && token.RemainQuota = -332914 (request id: 202604121112592399454428268d9d6vuqNTVkC)', 'type': 'new_api_error'}}
2026-04-12 19:12:59,803 - ERROR - API调用异常: Error code: 401 - {'error': {'code': '', 'message': '[sk-zlZ***KY6] 该令牌额度已用尽 !token.UnlimitedQuota && token.RemainQuota = -332914 (request id: 202604121112597556905618268d9d6v5Ci7rTB)', 'type': 'new_api_error'}}
2026-04-12 19:13:00,302 - ERROR - API调用异常: Error code: 401 - {'error': {'code': '', 'message': '[sk-zlZ***KY6] 该令牌额度已用尽 !token.UnlimitedQuota && token.RemainQuota = -332914 (request id: 202604121113002584245278268d9d6VK3v87pV)', 'type': 'new_api_error'}}
2026-04-12 19:13:00,302 - WARNING - 方法审阅跳过样本 287.json: API调用失败: Error code: 401 - {'error': {'code': '', 'message': '[sk-zlZ***KY6] 该令牌额度已用尽 !token.UnlimitedQuota && token.RemainQuota = -332914 (request id: 202604121113002584245278268d9d6VK3v87pV)', 'type': 'new_api_error'}}
2026-04-12 19:13:00,793 - ERROR - API调用异常: Error code: 401 - {'error': {'code': '', 'message': '[sk-zlZ***KY6] 该令牌额度已用尽 !token.UnlimitedQuota && token.RemainQuota = -332914 (request id: 202604121113007502914748268d9d6Bqws4Box)', 'type': 'new_api_error'}}
2026-04-12 19:13:00,794 - WARNING - 方法审阅跳过样本 236.json: API调用失败: Error code: 401 - {'error': {'code': '', 'message': '[sk-zlZ***KY6] 该令牌额度已用尽 !token.UnlimitedQuota && token.RemainQuota = -332914 (request id: 202604121113007502914748268d9d6Bqws4Box)', 'type': 'new_api_error'}}
2026-04-12 19:13:01,292 - ERROR - API调用异常: Error code: 401 - {'error': {'code': '', 'message': '[sk-zlZ***KY6] 该令牌额度已用尽 !token.UnlimitedQuota && token.RemainQuota = -332914 (request id: 202604121113012521439668268d9d6pmb8fxNY)', 'type': 'new_api_error'}}
2026-04-12 19:13:01,783 - ERROR - API调用异常: Error code: 401 - {'error': {'code': '', 'message': '[sk-zlZ***KY6] 该令牌额度已用尽 !token.UnlimitedQuota && token.RemainQuota = -332914 (request id: 202604121113017395864978268d9d6Kou8UPRA)', 'type': 'new_api_error'}}
2026-04-12 19:13:02,448 - ERROR - API调用异常: Error code: 401 - {'error': {'code': '', 'message': '[sk-zlZ***KY6] 该令牌额度已用尽 !token.UnlimitedQuota && token.RemainQuota = -332914 (request id: 202604121113023948125878268d9d6A5AtVRq3)', 'type': 'new_api_error'}}
2026-04-12 19:13:02,832 - ERROR - API调用异常: Error code: 401 - {'error': {'code': '', 'message': '[sk-zlZ***KY6] 该令牌额度已用尽 !token.UnlimitedQuota && token.RemainQuota = -332914 (request id: 202604121113027746307268268d9d6wOGyB5qt)', 'type': 'new_api_error'}}
2026-04-12 19:13:02,832 - WARNING - 方法审阅跳过样本 297.json: API调用失败: Error code: 401 - {'error': {'code': '', 'message': '[sk-zlZ***KY6] 该令牌额度已用尽 !token.UnlimitedQuota && token.RemainQuota = -332914 (request id: 202604121113027746307268268d9d6wOGyB5qt)', 'type': 'new_api_error'}}
2026-04-12 19:13:03,296 - ERROR - API调用异常: Error code: 401 - {'error': {'code': '', 'message': '[sk-zlZ***KY6] 该令牌额度已用尽 !token.UnlimitedQuota && token.RemainQuota = -332914 (request id: 202604121113032541349578268d9d6dz7uO239)', 'type': 'new_api_error'}}
2026-04-12 19:13:03,813 - ERROR - API调用异常: Error code: 401 - {'error': {'code': '', 'message': '[sk-zlZ***KY6] 该令牌额度已用尽 !token.UnlimitedQuota && token.RemainQuota = -332914 (request id: 202604121113037661400338268d9d6zFC4s3tm)', 'type': 'new_api_error'}}
2026-04-12 19:13:04,319 - ERROR - API调用异常: Error code: 401 - {'error': {'code': '', 'message': '[sk-zlZ***KY6] 该令牌额度已用尽 !token.UnlimitedQuota && token.RemainQuota = -332914 (request id: 202604121113042757200938268d9d6d7PNChHW)', 'type': 'new_api_error'}}
2026-04-12 19:13:04,319 - WARNING - 方法审阅跳过样本 247.json: API调用失败: Error code: 401 - {'error': {'code': '', 'message': '[sk-zlZ***KY6] 该令牌额度已用尽 !token.UnlimitedQuota && token.RemainQuota = -332914 (request id: 202604121113042757200938268d9d6d7PNChHW)', 'type': 'new_api_error'}}
2026-04-12 19:13:04,844 - ERROR - API调用异常: Error code: 401 - {'error': {'code': '', 'message': '[sk-zlZ***KY6] 该令牌额度已用尽 !token.UnlimitedQuota && token.RemainQuota = -332914 (request id: 202604121113047965518898268d9d6xWybkf6D)', 'type': 'new_api_error'}}
2026-04-12 19:13:05,319 - ERROR - API调用异常: Error code: 401 - {'error': {'code': '', 'message': '[sk-zlZ***KY6] 该令牌额度已用尽 !token.UnlimitedQuota && token.RemainQuota = -332914 (request id: 202604121113052720586618268d9d6yAqb7c9e)', 'type': 'new_api_error'}}
2026-04-12 19:13:05,824 - ERROR - API调用异常: Error code: 401 - {'error': {'code': '', 'message': '[sk-zlZ***KY6] 该令牌额度已用尽 !token.UnlimitedQuota && token.RemainQuota = -332914 (request id: 202604121113057801241108268d9d6NPApDsPl)', 'type': 'new_api_error'}}
2026-04-12 19:13:06,330 - ERROR - API调用异常: Error code: 401 - {'error': {'code': '', 'message': '[sk-zlZ***KY6] 该令牌额度已用尽 !token.UnlimitedQuota && token.RemainQuota = -332914 (request id: 202604121113062849512618268d9d6NYPntkIE)', 'type': 'new_api_error'}}
2026-04-12 19:13:06,331 - WARNING - 方法审阅跳过样本 304.json: API调用失败: Error code: 401 - {'error': {'code': '', 'message': '[sk-zlZ***KY6] 该令牌额度已用尽 !token.UnlimitedQuota && token.RemainQuota = -332914 (request id: 202604121113062849512618268d9d6NYPntkIE)', 'type': 'new_api_error'}}
2026-04-12 19:13:06,333 - INFO - 方法审阅进度: 150/168
2026-04-12 19:13:06,822 - ERROR - API调用异常: Error code: 401 - {'error': {'code': '', 'message': '[sk-zlZ***KY6] 该令牌额度已用尽 !token.UnlimitedQuota && token.RemainQuota = -332914 (request id: 202604121113067777095688268d9d6yVqdQ0OC)', 'type': 'new_api_error'}}
2026-04-12 19:13:07,325 - ERROR - API调用异常: Error code: 401 - {'error': {'code': '', 'message': '[sk-zlZ***KY6] 该令牌额度已用尽 !token.UnlimitedQuota && token.RemainQuota = -332914 (request id: 202604121113072792116618268d9d6CxLVEFoX)', 'type': 'new_api_error'}}
2026-04-12 19:13:07,822 - ERROR - API调用异常: Error code: 401 - {'error': {'code': '', 'message': '[sk-zlZ***KY6] 该令牌额度已用尽 !token.UnlimitedQuota && token.RemainQuota = -332914 (request id: 202604121113077751855318268d9d621HhAil6)', 'type': 'new_api_error'}}
2026-04-12 19:13:07,822 - WARNING - 方法审阅跳过样本 29.json: API调用失败: Error code: 401 - {'error': {'code': '', 'message': '[sk-zlZ***KY6] 该令牌额度已用尽 !token.UnlimitedQuota && token.RemainQuota = -332914 (request id: 202604121113077751855318268d9d621HhAil6)', 'type': 'new_api_error'}}
2026-04-12 19:13:08,324 - ERROR - API调用异常: Error code: 401 - {'error': {'code': '', 'message': '[sk-zlZ***KY6] 该令牌额度已用尽 !token.UnlimitedQuota && token.RemainQuota = -332914 (request id: 202604121113082794934668268d9d6TyYejyZf)', 'type': 'new_api_error'}}
2026-04-12 19:13:08,836 - ERROR - API调用异常: Error code: 401 - {'error': {'code': '', 'message': '[sk-zlZ***KY6] 该令牌额度已用尽 !token.UnlimitedQuota && token.RemainQuota = -332914 (request id: 202604121113087921268168268d9d6mt5xc6Tr)', 'type': 'new_api_error'}}
2026-04-12 19:13:09,339 - ERROR - API调用异常: Error code: 401 - {'error': {'code': '', 'message': '[sk-zlZ***KY6] 该令牌额度已用尽 !token.UnlimitedQuota && token.RemainQuota = -332914 (request id: 202604121113092906794208268d9d6RvRqaYAy)', 'type': 'new_api_error'}}
2026-04-12 19:13:09,339 - WARNING - 方法审阅跳过样本 237.json: API调用失败: Error code: 401 - {'error': {'code': '', 'message': '[sk-zlZ***KY6] 该令牌额度已用尽 !token.UnlimitedQuota && token.RemainQuota = -332914 (request id: 202604121113092906794208268d9d6RvRqaYAy)', 'type': 'new_api_error'}}
2026-04-12 19:13:09,859 - ERROR - API调用异常: Error code: 401 - {'error': {'code': '', 'message': '[sk-zlZ***KY6] 该令牌额度已用尽 !token.UnlimitedQuota && token.RemainQuota = -332914 (request id: 202604121113098113960168268d9d6wAU1Ohz6)', 'type': 'new_api_error'}}
2026-04-12 19:13:09,860 - WARNING - 方法审阅跳过样本 284.json: API调用失败: Error code: 401 - {'error': {'code': '', 'message': '[sk-zlZ***KY6] 该令牌额度已用尽 !token.UnlimitedQuota && token.RemainQuota = -332914 (request id: 202604121113098113960168268d9d6wAU1Ohz6)', 'type': 'new_api_error'}}
2026-04-12 19:13:10,324 - ERROR - API调用异常: Error code: 401 - {'error': {'code': '', 'message': '[sk-zlZ***KY6] 该令牌额度已用尽 !token.UnlimitedQuota && token.RemainQuota = -332914 (request id: 202604121113102819873078268d9d6v4nmxrWJ)', 'type': 'new_api_error'}}
2026-04-12 19:13:10,853 - ERROR - API调用异常: Error code: 401 - {'error': {'code': '', 'message': '[sk-zlZ***KY6] 该令牌额度已用尽 !token.UnlimitedQuota && token.RemainQuota = -332914 (request id: 202604121113108053499208268d9d6bZj8Wj2H)', 'type': 'new_api_error'}}
2026-04-12 19:13:11,330 - ERROR - API调用异常: Error code: 401 - {'error': {'code': '', 'message': '[sk-zlZ***KY6] 该令牌额度已用尽 !token.UnlimitedQuota && token.RemainQuota = -332914 (request id: 202604121113112905582428268d9d6QmldTB1P)', 'type': 'new_api_error'}}
2026-04-12 19:13:11,843 - ERROR - API调用异常: Error code: 401 - {'error': {'code': '', 'message': '[sk-zlZ***KY6] 该令牌额度已用尽 !token.UnlimitedQuota && token.RemainQuota = -332914 (request id: 202604121113117956506648268d9d6OuTJa0ho)', 'type': 'new_api_error'}}
2026-04-12 19:13:11,843 - WARNING - 方法审阅跳过样本 251.json: API调用失败: Error code: 401 - {'error': {'code': '', 'message': '[sk-zlZ***KY6] 该令牌额度已用尽 !token.UnlimitedQuota && token.RemainQuota = -332914 (request id: 202604121113117956506648268d9d6OuTJa0ho)', 'type': 'new_api_error'}}
2026-04-12 19:13:12,361 - ERROR - API调用异常: Error code: 401 - {'error': {'code': '', 'message': '[sk-zlZ***KY6] 该令牌额度已用尽 !token.UnlimitedQuota && token.RemainQuota = -332914 (request id: 202604121113123121867038268d9d67naJEtRV)', 'type': 'new_api_error'}}
2026-04-12 19:13:12,839 - ERROR - API调用异常: Error code: 401 - {'error': {'code': '', 'message': '[sk-zlZ***KY6] 该令牌额度已用尽 !token.UnlimitedQuota && token.RemainQuota = -332914 (request id: 202604121113127939104318268d9d6sAE7ZlSl)', 'type': 'new_api_error'}}
2026-04-12 19:13:13,338 - ERROR - API调用异常: Error code: 401 - {'error': {'code': '', 'message': '[sk-zlZ***KY6] 该令牌额度已用尽 !token.UnlimitedQuota && token.RemainQuota = -332914 (request id: 202604121113132967924608268d9d65vAc5JoH)', 'type': 'new_api_error'}}
2026-04-12 19:13:13,339 - WARNING - 方法审阅跳过样本 295.json: API调用失败: Error code: 401 - {'error': {'code': '', 'message': '[sk-zlZ***KY6] 该令牌额度已用尽 !token.UnlimitedQuota && token.RemainQuota = -332914 (request id: 202604121113132967924608268d9d65vAc5JoH)', 'type': 'new_api_error'}}
2026-04-12 19:13:13,854 - ERROR - API调用异常: Error code: 401 - {'error': {'code': '', 'message': '[sk-zlZ***KY6] 该令牌额度已用尽 !token.UnlimitedQuota && token.RemainQuota = -332914 (request id: 202604121113138101234488268d9d6m983ByOO)', 'type': 'new_api_error'}}
2026-04-12 19:13:14,415 - ERROR - API调用异常: Error code: 401 - {'error': {'code': '', 'message': '[sk-zlZ***KY6] 该令牌额度已用尽 !token.UnlimitedQuota && token.RemainQuota = -332914 (request id: 202604121113143706025948268d9d6BLIrwjHc)', 'type': 'new_api_error'}}
2026-04-12 19:13:14,848 - ERROR - API调用异常: Error code: 401 - {'error': {'code': '', 'message': '[sk-zlZ***KY6] 该令牌额度已用尽 !token.UnlimitedQuota && token.RemainQuota = -332914 (request id: 202604121113148015721338268d9d6LoT8yI1K)', 'type': 'new_api_error'}}
2026-04-12 19:13:15,393 - ERROR - API调用异常: Error code: 401 - {'error': {'code': '', 'message': '[sk-zlZ***KY6] 该令牌额度已用尽 !token.UnlimitedQuota && token.RemainQuota = -332914 (request id: 202604121113153184378308268d9d6SWTqXIKa)', 'type': 'new_api_error'}}
2026-04-12 19:13:15,393 - WARNING - 方法审阅跳过样本 30.json: API调用失败: Error code: 401 - {'error': {'code': '', 'message': '[sk-zlZ***KY6] 该令牌额度已用尽 !token.UnlimitedQuota && token.RemainQuota = -332914 (request id: 202604121113153184378308268d9d6SWTqXIKa)', 'type': 'new_api_error'}}
2026-04-12 19:13:15,860 - ERROR - API调用异常: Error code: 401 - {'error': {'code': '', 'message': '[sk-zlZ***KY6] 该令牌额度已用尽 !token.UnlimitedQuota && token.RemainQuota = -332914 (request id: 202604121113158176958218268d9d6lM8RTKvG)', 'type': 'new_api_error'}}
2026-04-12 19:13:16,358 - ERROR - API调用异常: Error code: 401 - {'error': {'code': '', 'message': '[sk-zlZ***KY6] 该令牌额度已用尽 !token.UnlimitedQuota && token.RemainQuota = -332914 (request id: 202604121113163193286468268d9d6smB7wjB1)', 'type': 'new_api_error'}}
2026-04-12 19:13:16,860 - ERROR - API调用异常: Error code: 401 - {'error': {'code': '', 'message': '[sk-zlZ***KY6] 该令牌额度已用尽 !token.UnlimitedQuota && token.RemainQuota = -332914 (request id: 202604121113168188744378268d9d60xmjvjh5)', 'type': 'new_api_error'}}
2026-04-12 19:13:16,861 - WARNING - 方法审阅跳过样本 241.json: API调用失败: Error code: 401 - {'error': {'code': '', 'message': '[sk-zlZ***KY6] 该令牌额度已用尽 !token.UnlimitedQuota && token.RemainQuota = -332914 (request id: 202604121113168188744378268d9d60xmjvjh5)', 'type': 'new_api_error'}}
2026-04-12 19:13:17,364 - ERROR - API调用异常: Error code: 401 - {'error': {'code': '', 'message': '[sk-zlZ***KY6] 该令牌额度已用尽 !token.UnlimitedQuota && token.RemainQuota = -332914 (request id: 202604121113173234598488268d9d6gvywMIwg)', 'type': 'new_api_error'}}
2026-04-12 19:13:17,364 - WARNING - 方法审阅跳过样本 301.json: API调用失败: Error code: 401 - {'error': {'code': '', 'message': '[sk-zlZ***KY6] 该令牌额度已用尽 !token.UnlimitedQuota && token.RemainQuota = -332914 (request id: 202604121113173234598488268d9d6gvywMIwg)', 'type': 'new_api_error'}}
2026-04-12 19:13:17,862 - ERROR - API调用异常: Error code: 401 - {'error': {'code': '', 'message': '[sk-zlZ***KY6] 该令牌额度已用尽 !token.UnlimitedQuota && token.RemainQuota = -332914 (request id: 202604121113178186704118268d9d6PPhJSdlo)', 'type': 'new_api_error'}}
2026-04-12 19:13:18,369 - ERROR - API调用异常: Error code: 401 - {'error': {'code': '', 'message': '[sk-zlZ***KY6] 该令牌额度已用尽 !token.UnlimitedQuota && token.RemainQuota = -332914 (request id: 202604121113183236887868268d9d6gcv6i9P3)', 'type': 'new_api_error'}}
2026-04-12 19:13:18,874 - ERROR - API调用异常: Error code: 401 - {'error': {'code': '', 'message': '[sk-zlZ***KY6] 该令牌额度已用尽 !token.UnlimitedQuota && token.RemainQuota = -332914 (request id: 202604121113188267241898268d9d6Lmr4d7fN)', 'type': 'new_api_error'}}
2026-04-12 19:13:19,365 - ERROR - API调用异常: Error code: 401 - {'error': {'code': '', 'message': '[sk-zlZ***KY6] 该令牌额度已用尽 !token.UnlimitedQuota && token.RemainQuota = -332914 (request id: 202604121113193242489688268d9d6EAvmVaTm)', 'type': 'new_api_error'}}
2026-04-12 19:13:19,366 - WARNING - 方法审阅跳过样本 258.json: API调用失败: Error code: 401 - {'error': {'code': '', 'message': '[sk-zlZ***KY6] 该令牌额度已用尽 !token.UnlimitedQuota && token.RemainQuota = -332914 (request id: 202604121113193242489688268d9d6EAvmVaTm)', 'type': 'new_api_error'}}
2026-04-12 19:13:19,862 - ERROR - API调用异常: Error code: 401 - {'error': {'code': '', 'message': '[sk-zlZ***KY6] 该令牌额度已用尽 !token.UnlimitedQuota && token.RemainQuota = -332914 (request id: 202604121113198199926128268d9d6MXqhqCnK)', 'type': 'new_api_error'}}
2026-04-12 19:13:20,809 - ERROR - API调用异常: Error code: 401 - {'error': {'code': '', 'message': '[sk-zlZ***KY6] 该令牌额度已用尽 !token.UnlimitedQuota && token.RemainQuota = -332914 (request id: 202604121113207660492818268d9d6cU8qWZOU)', 'type': 'new_api_error'}}
2026-04-12 19:13:20,872 - ERROR - API调用异常: Error code: 401 - {'error': {'code': '', 'message': '[sk-zlZ***KY6] 该令牌额度已用尽 !token.UnlimitedQuota && token.RemainQuota = -332914 (request id: 202604121113208295908848268d9d6oyWa3kKT)', 'type': 'new_api_error'}}
2026-04-12 19:13:20,872 - WARNING - 方法审阅跳过样本 283.json: API调用失败: Error code: 401 - {'error': {'code': '', 'message': '[sk-zlZ***KY6] 该令牌额度已用尽 !token.UnlimitedQuota && token.RemainQuota = -332914 (request id: 202604121113208295908848268d9d6oyWa3kKT)', 'type': 'new_api_error'}}
2026-04-12 19:13:20,875 - INFO - 方法审阅进度: 160/168
2026-04-12 19:13:21,809 - ERROR - API调用异常: Error code: 401 - {'error': {'code': '', 'message': '[sk-zlZ***KY6] 该令牌额度已用尽 !token.UnlimitedQuota && token.RemainQuota = -332914 (request id: 202604121113217656755818268d9d6lMdIASva)', 'type': 'new_api_error'}}
2026-04-12 19:13:21,876 - ERROR - API调用异常: Error code: 401 - {'error': {'code': '', 'message': '[sk-zlZ***KY6] 该令牌额度已用尽 !token.UnlimitedQuota && token.RemainQuota = -332914 (request id: 202604121113218300418198268d9d6wozAcCSo)', 'type': 'new_api_error'}}
2026-04-12 19:13:22,384 - ERROR - API调用异常: Error code: 401 - {'error': {'code': '', 'message': '[sk-zlZ***KY6] 该令牌额度已用尽 !token.UnlimitedQuota && token.RemainQuota = -332914 (request id: 202604121113223356969438268d9d6iHuTAsvq)', 'type': 'new_api_error'}}
2026-04-12 19:13:22,879 - ERROR - API调用异常: Error code: 401 - {'error': {'code': '', 'message': '[sk-zlZ***KY6] 该令牌额度已用尽 !token.UnlimitedQuota && token.RemainQuota = -332914 (request id: 202604121113228375608438268d9d6mwX6QQYQ)', 'type': 'new_api_error'}}
2026-04-12 19:13:22,879 - WARNING - 方法审阅跳过样本 253.json: API调用失败: Error code: 401 - {'error': {'code': '', 'message': '[sk-zlZ***KY6] 该令牌额度已用尽 !token.UnlimitedQuota && token.RemainQuota = -332914 (request id: 202604121113228375608438268d9d6mwX6QQYQ)', 'type': 'new_api_error'}}
2026-04-12 19:13:23,446 - ERROR - API调用异常: Error code: 401 - {'error': {'code': '', 'message': '[sk-zlZ***KY6] 该令牌额度已用尽 !token.UnlimitedQuota && token.RemainQuota = -332914 (request id: 202604121113233994824398268d9d6tVjkspgv)', 'type': 'new_api_error'}}
2026-04-12 19:13:23,952 - ERROR - API调用异常: Error code: 401 - {'error': {'code': '', 'message': '[sk-zlZ***KY6] 该令牌额度已用尽 !token.UnlimitedQuota && token.RemainQuota = -332914 (request id: 202604121113239081549478268d9d6LqxOa5fF)', 'type': 'new_api_error'}}
2026-04-12 19:13:24,441 - ERROR - API调用异常: Error code: 401 - {'error': {'code': '', 'message': '[sk-zlZ***KY6] 该令牌额度已用尽 !token.UnlimitedQuota && token.RemainQuota = -332914 (request id: 202604121113243989806978268d9d6vaBJ1RjO)', 'type': 'new_api_error'}}
2026-04-12 19:13:24,442 - WARNING - 方法审阅跳过样本 298.json: API调用失败: Error code: 401 - {'error': {'code': '', 'message': '[sk-zlZ***KY6] 该令牌额度已用尽 !token.UnlimitedQuota && token.RemainQuota = -332914 (request id: 202604121113243989806978268d9d6vaBJ1RjO)', 'type': 'new_api_error'}}
2026-04-12 19:13:24,939 - ERROR - API调用异常: Error code: 401 - {'error': {'code': '', 'message': '[sk-zlZ***KY6] 该令牌额度已用尽 !token.UnlimitedQuota && token.RemainQuota = -332914 (request id: 202604121113248989826268268d9d6VeMufOa0)', 'type': 'new_api_error'}}
2026-04-12 19:13:25,448 - ERROR - API调用异常: Error code: 401 - {'error': {'code': '', 'message': '[sk-zlZ***KY6] 该令牌额度已用尽 !token.UnlimitedQuota && token.RemainQuota = -332914 (request id: 202604121113254016792758268d9d6vUYBbv4X)', 'type': 'new_api_error'}}
2026-04-12 19:13:25,449 - WARNING - 方法审阅跳过样本 235.json: API调用失败: Error code: 401 - {'error': {'code': '', 'message': '[sk-zlZ***KY6] 该令牌额度已用尽 !token.UnlimitedQuota && token.RemainQuota = -332914 (request id: 202604121113254016792758268d9d6vUYBbv4X)', 'type': 'new_api_error'}}
2026-04-12 19:13:25,960 - ERROR - API调用异常: Error code: 401 - {'error': {'code': '', 'message': '[sk-zlZ***KY6] 该令牌额度已用尽 !token.UnlimitedQuota && token.RemainQuota = -332914 (request id: 202604121113259128261738268d9d6r7bECSfy)', 'type': 'new_api_error'}}
2026-04-12 19:13:26,465 - ERROR - API调用异常: Error code: 401 - {'error': {'code': '', 'message': '[sk-zlZ***KY6] 该令牌额度已用尽 !token.UnlimitedQuota && token.RemainQuota = -332914 (request id: 202604121113264202045358268d9d67uyFhXUg)', 'type': 'new_api_error'}}
2026-04-12 19:13:26,947 - ERROR - API调用异常: Error code: 401 - {'error': {'code': '', 'message': '[sk-zlZ***KY6] 该令牌额度已用尽 !token.UnlimitedQuota && token.RemainQuota = -332914 (request id: 202604121113269035362718268d9d6A2oxhUti)', 'type': 'new_api_error'}}
2026-04-12 19:13:26,948 - WARNING - 方法审阅跳过样本 293.json: API调用失败: Error code: 401 - {'error': {'code': '', 'message': '[sk-zlZ***KY6] 该令牌额度已用尽 !token.UnlimitedQuota && token.RemainQuota = -332914 (request id: 202604121113269035362718268d9d6A2oxhUti)', 'type': 'new_api_error'}}
2026-04-12 19:13:27,480 - ERROR - API调用异常: Error code: 401 - {'error': {'code': '', 'message': '[sk-zlZ***KY6] 该令牌额度已用尽 !token.UnlimitedQuota && token.RemainQuota = -332914 (request id: 202604121113274203963188268d9d6Hrk3uyk7)', 'type': 'new_api_error'}}
2026-04-12 19:13:27,970 - ERROR - API调用异常: Error code: 401 - {'error': {'code': '', 'message': '[sk-zlZ***KY6] 该令牌额度已用尽 !token.UnlimitedQuota && token.RemainQuota = -332914 (request id: 202604121113279246957118268d9d6fVEGgZMj)', 'type': 'new_api_error'}}
2026-04-12 19:13:27,971 - WARNING - 方法审阅跳过样本 234.json: API调用失败: Error code: 401 - {'error': {'code': '', 'message': '[sk-zlZ***KY6] 该令牌额度已用尽 !token.UnlimitedQuota && token.RemainQuota = -332914 (request id: 202604121113279246957118268d9d6fVEGgZMj)', 'type': 'new_api_error'}}
2026-04-12 19:13:28,618 - ERROR - API调用异常: Error code: 401 - {'error': {'code': '', 'message': '[sk-zlZ***KY6] 该令牌额度已用尽 !token.UnlimitedQuota && token.RemainQuota = -332914 (request id: 202604121113285679458858268d9d6OGhZCaPU)', 'type': 'new_api_error'}}
2026-04-12 19:13:29,179 - ERROR - API调用异常: Error code: 401 - {'error': {'code': '', 'message': '[sk-zlZ***KY6] 该令牌额度已用尽 !token.UnlimitedQuota && token.RemainQuota = -332914 (request id: 20260412111329631167428268d9d62hklInC9)', 'type': 'new_api_error'}}
2026-04-12 19:13:30,149 - ERROR - API调用异常: Error code: 401 - {'error': {'code': '', 'message': '[sk-zlZ***KY6] 该令牌额度已用尽 !token.UnlimitedQuota && token.RemainQuota = -332914 (request id: 20260412111330728148348268d9d6TbArbAr8)', 'type': 'new_api_error'}}
2026-04-12 19:13:30,150 - WARNING - 方法审阅跳过样本 229.json: API调用失败: Error code: 401 - {'error': {'code': '', 'message': '[sk-zlZ***KY6] 该令牌额度已用尽 !token.UnlimitedQuota && token.RemainQuota = -332914 (request id: 20260412111330728148348268d9d6TbArbAr8)', 'type': 'new_api_error'}}
2026-04-12 19:13:31,257 - ERROR - API调用异常: Error code: 401 - {'error': {'code': '', 'message': '[sk-zlZ***KY6] 该令牌额度已用尽 !token.UnlimitedQuota && token.RemainQuota = -332914 (request id: 202604121113312121302908268d9d6jIHZ63FZ)', 'type': 'new_api_error'}}
2026-04-12 19:13:31,257 - WARNING - 方法审阅跳过样本 275.json: API调用失败: Error code: 401 - {'error': {'code': '', 'message': '[sk-zlZ***KY6] 该令牌额度已用尽 !token.UnlimitedQuota && token.RemainQuota = -332914 (request id: 202604121113312121302908268d9d6jIHZ63FZ)', 'type': 'new_api_error'}}
2026-04-12 19:13:31,811 - ERROR - API调用异常: Error code: 401 - {'error': {'code': '', 'message': '[sk-zlZ***KY6] 该令牌额度已用尽 !token.UnlimitedQuota && token.RemainQuota = -332914 (request id: 202604121113317660369068268d9d60Joq4enJ)', 'type': 'new_api_error'}}
2026-04-12 19:13:31,811 - WARNING - 方法审阅跳过样本 300.json: API调用失败: Error code: 401 - {'error': {'code': '', 'message': '[sk-zlZ***KY6] 该令牌额度已用尽 !token.UnlimitedQuota && token.RemainQuota = -332914 (request id: 202604121113317660369068268d9d60Joq4enJ)', 'type': 'new_api_error'}}
2026-04-12 19:13:31,812 - INFO - 方法审阅进度: 168/168
2026-04-12 19:13:31,818 - INFO - 方法审阅结果已写入 label_construct/results_final/book3_r3/method_review/method_review.csv
2026-04-14 08:42:08,481 - INFO - 方法审阅开始: 样本=168, 缓存命中=72, 待处理=96
2026-04-14 08:42:16,841 - WARNING - 方法审阅跳过样本 262.json: 无法从模型输出中解析JSON: ```json\n{\n  "suggested_method": "数学计算\事件发生概率及独立性",\n  "proposed_new_category": "",\n  "reason": "该问题要求在已知指数分布（常数失效率λ）的条件下，利用指数分布的无记忆性（memoryless property）计算条件概率 P(T>800 | T>600)。核心任务是根据概率规则和分布假设计算事件的条件概...
2026-04-14 08:42:19,012 - WARNING - 方法审阅跳过样本 263.json: 无法从模型输出中解析JSON: ```json\n{\n  "suggested_method": "数学计算\事件发生概率及独立性",\n  "proposed_new_category": "",\n  "reason": "该问题要求在已知指数分布（常数失效率λ）参数条件下，利用无记忆性（memoryless property）计算条件概率P(T≤900 | T>720)。这属于根据概率分布假设和条件概率规则计算事件发生概率的问题...
2026-04-14 08:42:22,650 - WARNING - 方法审阅跳过样本 268.json: 无法从模型输出中解析JSON: ```json\n{\n  "suggested_method": "数学计算\期望",\n  "proposed_new_category": "",\n  "reason": "MTTF（Mean Time To Failure）是可靠性工程中的关键指标，其本质是寿命随机变量的数学期望。计算MTTF需要根据给定的故障率函数h(t)先推导出可靠度函数R(t)，然后对R(t)从0到无穷积分，即MTTF =...
2026-04-14 08:42:27,374 - INFO - 方法审阅进度: 10/96
2026-04-14 08:42:30,719 - WARNING - 方法审阅跳过样本 269.json: 无法从模型输出中解析JSON: ```json\n{\n  "suggested_method": "数学计算\分布推导",\n  "proposed_new_category": "",\n  "reason": "该问题的核心是：已知T服从指数分布（常数失效率），在18个月保修期内返修率不超过5%的条件下，求最大可容忍的失效率λ。这本质上是根据指数分布的CDF（P(T≤18) = 1 - e^{-18λ} ≤ 0.05）反解参数λ的...
2026-04-14 08:42:31,407 - WARNING - 方法审阅跳过样本 87.json: 无法从模型输出中解析JSON: ```json\n{\n  "suggested_method": "分类与预测\生存分析",\n  "proposed_new_category": "",\n  "reason": "该问题要求计算系统可靠度（reliability）和平均失效前时间（MTTF），这属于可靠性工程中的经典问题。可靠性函数R(t)本质上就是生存函数S(t)，MTTF对应生存分析中的平均生存时间。问题涉及失效率（failu...
2026-04-14 08:42:32,907 - WARNING - 方法审阅跳过样本 270.json: 无法从模型输出中解析JSON: ```json\n{\n  "suggested_method": "数学计算\事件发生概率及独立性",\n  "proposed_new_category": "",\n  "reason": "该问题要求在已知汽车在18个月时仍正常工作的条件下，计算其在三年内失效的条件概率。这是一个基于指数分布（常数失效率）的条件概率计算问题。由于指数分布具有无记忆性，需要利用条件概率公式 P(T≤36 | T>18...
2026-04-14 08:42:35,091 - WARNING - 方法审阅跳过样本 271.json: 无法从模型输出中解析JSON: ```json\n{\n  "suggested_method": "数学计算\事件发生概率及独立性",\n  "proposed_new_category": "",\n  "reason": "该问题首先需要根据给定的pdf计算单个单元在第一小时内失效的概率（通过对pdf在[0,1]上积分），然后基于二项分布模型（n=30个独立单元），计算至少2个单元失效的概率P(X≥2)，以及失效数的期望和方差。核...
2026-04-14 08:42:37,060 - WARNING - 方法审阅跳过样本 272.json: 无法从模型输出中解析JSON: ```json\n{\n  "suggested_method": "数学计算\事件发生概率及独立性",\n  "proposed_new_category": "",\n  "reason": "该问题要求计算在已知存活第一小时的条件下、第二小时内失效的条件概率，即 P(T≤2 | T>1)。这属于根据给定概率密度函数利用条件概率公式计算事件发生概率的问题，与'事件发生概率及独立性'二级类目完全吻合。"...
2026-04-14 08:42:44,109 - INFO - 方法审阅进度: 20/96
2026-04-14 08:42:53,076 - WARNING - 方法审阅跳过样本 78.json: 无法从模型输出中解析JSON: ```json\n{\n  "suggested_method": "分类与预测\生存分析",\n  "proposed_new_category": "",\n  "reason": "该问题要求推导一个负载共享系统的可靠性函数 R(t)，即系统在时刻 t 仍正常工作的概率。可靠性函数本质上就是生存函数 S(t) = P(T > t)，属于生存分析的核心内容。问题涉及常数失效率（指数分布）、依赖失效结构...
2026-04-14 08:42:55,329 - WARNING - 方法审阅跳过样本 79.json: 无法从模型输出中解析JSON: ```json\n{\n  "suggested_method": "数学计算\期望",\n  "proposed_new_category": "",\n  "reason": "该问题要求计算一个负载共享系统的平均故障时间（MTTF），即系统寿命随机变量的数学期望。虽然涉及可靠性和生存分析的背景（依赖失效、马尔可夫状态转移模型），但问题的核心目标是根据系统各部件的失效率（常数失效率，即指数分布假设），...
2026-04-14 08:42:56,475 - WARNING - 方法审阅跳过样本 91.json: 无法从模型输出中解析JSON: ```json\n{\n  "suggested_method": "数学计算\分布推导",\n  "proposed_new_category": "",\n  "reason": "题目要求根据给定的概率密度函数（PDF）通过积分推导出累积分布函数（CDF），这属于根据概率规则和分布定义推导出随机变量概率分布的问题，完全符合'数学计算\\分布推导'的定义。"\n}\n```...
2026-04-14 08:42:56,480 - INFO - 方法审阅进度: 30/96
2026-04-14 08:42:58,156 - WARNING - 方法审阅跳过样本 284.json: 无法从模型输出中解析JSON: ```json\n{\n  "suggested_method": "描述性统计量\分位数/百分位数",\n  "proposed_new_category": "",\n  "reason": "该问题本质上是在给定概率密度函数下，求满足 P(T ≤ t) = 0.03 的分位点 t，即求该寿命分布的第3百分位数。这属于根据分布函数计算特定分位数/百分位数的问题，与'分位数/百分位数'二级类目高度吻合。...
2026-04-14 08:42:58,441 - WARNING - 方法审阅跳过样本 285.json: 无法从模型输出中解析JSON: ```json\n{\n  "suggested_method": "数学计算\期望",\n  "proposed_new_category": "",\n  "reason": "该问题要求计算三个独立同分布随机变量中最大值（即顺序统计量）的数学期望。核心任务是基于给定的概率密度函数，推导出最大顺序统计量的分布，然后计算其期望值。这属于'计算随机变量的数学期望'的范畴，与'数学计算\\期望'二级类目完全...
2026-04-14 08:43:02,001 - WARNING - 方法审阅跳过样本 100.json: 无法从模型输出中解析JSON: ```json\n{\n  "suggested_method": "描述性统计量\其它（如 reliability）",\n  "proposed_new_category": "",\n  "reason": "该问题要求计算整个系统的可靠性（reliability）随时间t的变化。系统由多个独立通道和传感器组成，涉及冗余结构（k-out-of-n系统）的可靠性计算，包括共因失效率。这属于系统可靠性（...
2026-04-14 08:43:02,939 - WARNING - 方法审阅跳过样本 104.json: 无法从模型输出中解析JSON: ```json\n{\n  "suggested_method": "数学计算\期望",\n  "proposed_new_category": "",\n  "reason": "MTTF（Mean Time To Failure）是系统从开始运行到首次失效的期望时间，本质上是对系统寿命随机变量求数学期望。该问题基于马尔可夫模型（各状态间有常数失效率和修复率），通过求解状态转移方程计算系统首次到达失效状...
2026-04-14 08:43:03,623 - WARNING - 方法审阅跳过样本 29.json: 无法从模型输出中解析JSON: ```json\n{\n  "suggested_method": "数学计算\事件发生概率及独立性",\n  "proposed_new_category": "",\n  "reason": "该问题给定了指数分布的参数λ，要求计算电池寿命超过5000小时的概率，即P(X>5000)=e^{-λ·5000}。这是一个基于已知概率分布直接计算事件发生概率的问题，属于'事件发生概率及独立性'类目中根据分布...
2026-04-14 08:43:06,601 - WARNING - 方法审阅跳过样本 286.json: 无法从模型输出中解析JSON: ```json\n{\n  "suggested_method": "数学计算\分布推导",\n  "proposed_new_category": "",\n  "reason": "该问题给定了一个随机变量的概率密度函数，要求找到一个容量阈值c，使得P(X > c) ≤ 0.01。这本质上是基于已知概率分布，通过求解累积分布函数的反函数（即分位数）来确定满足概率约束的临界值。这属于基于概率分布定义进行...
2026-04-14 08:43:07,452 - WARNING - 方法审阅跳过样本 114.json: 无法从模型输出中解析JSON: ```json\n{\n  "suggested_method": "数值计算\获取模型参数估计值",\n  "proposed_new_category": "",\n  "reason": "该问题给定了指数分布（常数失效率）模型和含删失的寿命试验数据，要求估计失效率参数。这属于在给定模型和数据后，通过解析方法（总失效数除以总试验时间）求参数估计值的问题。虽然涉及生存分析的背景（删失数据、失效率），但...
2026-04-14 08:43:12,022 - WARNING - 方法审阅跳过样本 117.json: 无法从模型输出中解析JSON: ```json\n{\n  "suggested_method": "数学计算\事件发生概率及独立性",\n  "proposed_new_category": "",\n  "reason": "该问题要求对样本均值偏离总体均值超过3σ的概率给出上界，这是一个典型的使用切比雪夫不等式（Chebyshev's inequality）计算概率界的问题。其核心是根据概率规则（切比雪夫不等式）计算事件发生的概率...
2026-04-14 08:43:12,025 - INFO - 方法审阅进度: 40/96
2026-04-14 08:43:16,463 - WARNING - 方法审阅跳过样本 295.json: 无法从模型输出中解析JSON: ```json\n{\n  "suggested_method": "数学计算\期望",\n  "proposed_new_category": "",\n  "reason": "该问题要求计算三个独立同分布随机变量中最小值（即顺序统计量）的期望值。虽然涉及顺序统计量的分布推导作为中间步骤，但问题的最终目标是计算期望值。在现有taxonomy中，'数学计算\\期望'明确涵盖了'计算随机变量或随机过程的数...
2026-04-14 08:43:19,558 - WARNING - 方法审阅跳过样本 296.json: 无法从模型输出中解析JSON: ```json\n{\n  "suggested_method": "数学计算\期望",\n  "proposed_new_category": "",\n  "reason": "该问题要求计算五个独立同分布随机变量中最小值（即顺序统计量的最小值）的期望值。核心任务是基于给定的概率密度函数，推导出最小顺序统计量的分布，然后计算其数学期望。这属于'计算随机变量的数学期望'的范畴，与'数学计算\\期望'二级...
2026-04-14 08:43:23,975 - WARNING - 方法审阅跳过样本 298.json: 无法从模型输出中解析JSON: ```json\n{\n  "suggested_method": "数学计算\期望",\n  "proposed_new_category": "",\n  "reason": "本题要求计算四个独立同分布随机变量中最小值（即顺序统计量的最小值）的期望值。这属于根据已知分布推导顺序统计量分布后计算数学期望的问题，核心任务是计算随机变量的期望，属于'数学计算\\期望'类目。"\n}\n```...
2026-04-14 08:43:23,979 - INFO - 方法审阅进度: 50/96
2026-04-14 08:43:24,376 - WARNING - 方法审阅跳过样本 138.json: 无法从模型输出中解析JSON: ```json\n{\n  "suggested_method": "数学计算\事件发生概率及独立性",\n  "proposed_new_category": "",\n  "reason": "该问题给定每次测试失败概率为0.05，各次测试独立，要求计算在第15次测试之前（即前14次测试中）至少发生一次失败的概率。这本质上是基于几何分布或等价地利用独立事件概率规则（如补事件法：1减去前14次全部成功的...
2026-04-14 08:43:30,157 - WARNING - 方法审阅跳过样本 150.json: 无法从模型输出中解析JSON: ```json\n{\n  "suggested_method": "数学计算\事件发生概率及独立性",\n  "proposed_new_category": "",\n  "reason": "该问题要求在已知正态分布参数（μ=40000, σ=2000）的条件下，计算零件在38000次循环时的可靠度，即 P(T ≥ 38000)。这本质上是根据已知分布计算一个事件（零件在指定循环数下不失效）的概率，...
2026-04-14 08:43:30,997 - WARNING - 方法审阅跳过样本 300.json: 无法从模型输出中解析JSON: ```json\n{\n  "suggested_method": "数学计算\事件发生概率及独立性",\n  "proposed_new_category": "",\n  "reason": "该问题的核心是：给定每次试验成功概率为0.25（几何分布），计算费用超过$500,000的概率。这需要先根据成本函数C(Y)=25000Y+5000(Y-1)反推出Y的临界值（即求使C(Y)>500,000的最...
2026-04-14 08:43:36,933 - INFO - 方法审阅进度: 60/96
2026-04-14 08:43:40,718 - WARNING - 方法审阅跳过样本 30.json: 无法从模型输出中解析JSON: ```json\n{\n  "suggested_method": "数学计算\事件发生概率及独立性",\n  "proposed_new_category": "",\n  "reason": "该问题要求在已知指数分布参数的条件下，计算条件概率 P(T > 5000 | T > 3000)。这属于根据分布假设和概率规则（条件概率公式）计算事件发生概率的问题。指数分布的无记忆性使得这是一个经典的条件概率...
2026-04-14 08:43:51,972 - INFO - 方法审阅进度: 70/96
2026-04-14 08:43:53,183 - WARNING - 方法审阅跳过样本 201.json: 无法从模型输出中解析JSON: ```json\n{\n  "suggested_method": "描述性统计量\分散程度测度",\n  "proposed_new_category": "",\n  "reason": "该问题要求计算样本标准差（sample standard deviation），这是典型的分散程度测度。虽然问题还涉及临界t值的查找，但核心统计任务是计算描述数据离散程度的统计量。临界t值是为后续区间估计或假设检验...
2026-04-14 08:43:59,071 - WARNING - 方法审阅跳过样本 221.json: 无法从模型输出中解析JSON: ```json\n{\n  "suggested_method": "数学计算\事件发生概率及独立性",\n  "proposed_new_category": "",\n  "reason": "该问题要求根据恒定失效率（指数分布）计算接收单元在25小时任务中的可靠度，即 R(t) = e^{-λt}。这本质上是在给定概率模型（指数分布）下计算某个事件（单元在指定时间内不失效）的概率。系统可靠性还涉及各...
2026-04-14 08:44:00,939 - WARNING - 方法审阅跳过样本 222.json: 无法从模型输出中解析JSON: ```json\n{\n  "suggested_method": "数学计算\事件发生概率及独立性",\n  "proposed_new_category": "",\n  "reason": "该问题要求根据恒定失效率（指数分布）计算处理单元在25小时任务期间的可靠度，即 R(t) = e^{-λt}。这本质上是根据已知的概率分布和参数，计算某个事件（单元在指定时间内不失效）的概率。系统由三个独立单元...
2026-04-14 08:44:01,068 - WARNING - 方法审阅跳过样本 223.json: 无法从模型输出中解析JSON: ```json\n{\n  "suggested_method": "数学计算\事件发生概率及独立性",\n  "proposed_new_category": "",\n  "reason": "该问题要求计算由三个独立单元组成的通信系统在25小时任务中的整体可靠度。每个单元的可靠度基于指数分布的生存概率 R(t)=e^{-λt} 计算，系统可靠度则是三个独立单元可靠度的乘积（因为系统要求所有单元同时正...
2026-04-14 08:44:06,103 - WARNING - 方法审阅跳过样本 229.json: 无法从模型输出中解析JSON: ```json\n{\n  "suggested_method": "数学计算\分布推导",\n  "proposed_new_category": "",\n  "reason": "该问题要求根据各组件的指数失效时间分布（常数失效率λ_i）推导并行系统的可靠性函数（即系统生存函数）。这本质上是根据已知的组件概率分布和系统结构（并行/独立），通过概率规则推导出系统层面随机变量（系统寿命）的概率分布/生存...
2026-04-14 08:44:08,006 - WARNING - 方法审阅跳过样本 224.json: 无法从模型输出中解析JSON: ```json\n{\n  "suggested_method": "分类与预测\生存分析",\n  "proposed_new_category": "",\n  "reason": "该问题涉及并联系统的失效时间（failure time），即系统寿命为各独立组件失效时间的最大值 T = max(T1, T2, T3)。这属于可靠性/生存分析的范畴，研究事件发生时间（失效时间）及其分布特征。在现有 t...
2026-04-14 08:44:08,168 - WARNING - 方法审阅跳过样本 235.json: 无法从模型输出中解析JSON: ```json\n{\n  "suggested_method": "数学计算\事件发生概率及独立性",\n  "proposed_new_category": "",\n  "reason": "本题要求在已知每台发动机可靠性（即正常工作概率）和独立性假设下，计算飞机至少3台发动机正常工作的概率（即任务可靠性）。这本质上是基于二项分布和独立性假设，利用概率规则计算复合事件发生概率的问题，属于'事件发生概...
2026-04-14 08:44:08,169 - INFO - 方法审阅进度: 80/96
2026-04-14 08:44:08,327 - WARNING - 方法审阅跳过样本 234.json: 无法从模型输出中解析JSON: ```json\n{\n  "suggested_method": "描述性统计量\其它（如 reliability）",\n  "proposed_new_category": "",\n  "reason": "该问题要求计算并联系统的可靠度（reliability），属于对系统整体可靠性特征的概括性度量。在现有taxonomy中，'描述性统计量\\其它（如 reliability）'明确提到了rel...
2026-04-14 08:44:08,518 - WARNING - 方法审阅跳过样本 236.json: 无法从模型输出中解析JSON: ```json\n{\n  "suggested_method": "数学计算\事件发生概率及独立性",\n  "proposed_new_category": "",\n  "reason": "该问题要求计算一个冷备系统在给定时间点的可靠度（即系统在t=8760小时内不失效的概率）。这本质上是根据各部件的失效率（指数分布）和开关成功概率，利用概率规则计算系统正常工作这一事件的概率。虽然涉及可靠性工程的...
2026-04-14 08:44:12,445 - WARNING - 方法审阅跳过样本 237.json: 无法从模型输出中解析JSON: ```json\n{\n  "suggested_method": "数学计算\期望",\n  "proposed_new_category": "",\n  "reason": "MTTF（Mean Time To Failure）本质上是系统寿命（一个随机变量）的数学期望。该问题要求根据给定的失效率λ和切换概率p_s，计算备用系统的平均失效时间，即对系统寿命分布求期望值。这属于'数学计算\\期望'类目...
2026-04-14 08:44:15,984 - WARNING - 方法审阅跳过样本 240.json: 无法从模型输出中解析JSON: ```json\n{\n  "suggested_method": "分类与预测\生存分析",\n  "proposed_new_category": "",\n  "reason": "该问题涉及一个共享负载并联系统的可靠性计算，即在给定时间 t=10 小时时求系统的可靠度 R(t)。可靠性分析本质上是研究系统或部件在时间 t 内不发生故障（生存）的概率，涉及故障率（hazard rate）、可靠度函数...
2026-04-14 08:44:17,839 - WARNING - 方法审阅跳过样本 247.json: 无法从模型输出中解析JSON: ```json\n{\n  "suggested_method": "分类与预测\生存分析",\n  "proposed_new_category": "",\n  "reason": "该问题研究的是系统在预防性维护策略下的可靠度函数 R_M(t) 和平均首次故障时间（MTTF），属于可靠性/生存分析的范畴。问题核心是基于故障时间的概率密度函数（Gamma分布）推导系统的生存函数（可靠度函数）及期望寿命...
2026-04-14 08:44:19,132 - WARNING - 方法审阅跳过样本 241.json: 无法从模型输出中解析JSON: ```json\n{\n  "suggested_method": "分类与预测\生存分析",\n  "proposed_new_category": "",\n  "reason": "该问题研究的是一个共享负载并联系统的平均失效时间（MTTF），属于可靠性工程中的典型生存分析问题。MTTF本质上是系统寿命分布（失效时间分布）的期望值，涉及故障率函数、生存函数等生存分析的核心概念。虽然也可以考虑归入'描...
2026-04-14 08:44:25,037 - INFO - 方法审阅进度: 90/96
2026-04-14 08:44:31,783 - INFO - 方法审阅进度: 96/96
2026-04-14 08:44:31,793 - INFO - 方法审阅结果已写入 label_construct/results_final/book3_r3/method_review/method_review.csv
2026-04-14 09:21:27,584 - INFO - 方法审阅开始: 样本=168, 缓存命中=134, 待处理=34
2026-04-14 09:21:54,532 - INFO - 方法审阅进度: 10/34
2026-04-14 09:22:09,884 - INFO - 方法审阅进度: 20/34
2026-04-14 09:22:27,520 - INFO - 方法审阅进度: 30/34
2026-04-14 09:22:33,070 - INFO - 方法审阅进度: 34/34
2026-04-14 09:22:33,077 - INFO - 方法审阅结果已写入 label_construct/results_final/book3_r3/method_review/method_review.csv
