2026-04-12 18:39:25,336 - INFO - 方法审阅开始: 样本=169, 缓存命中=0, 待处理=169
2026-04-12 18:39:54,538 - INFO - 方法审阅进度: 10/169
2026-04-12 18:40:22,896 - INFO - 方法审阅进度: 20/169
2026-04-12 18:40:40,927 - INFO - 方法审阅进度: 30/169
2026-04-12 18:41:04,529 - INFO - 方法审阅进度: 40/169
2026-04-12 18:41:27,912 - INFO - 方法审阅进度: 50/169
2026-04-12 18:42:09,918 - INFO - 方法审阅进度: 60/169
2026-04-12 18:42:36,727 - INFO - 方法审阅进度: 70/169
2026-04-12 18:43:03,723 - INFO - 方法审阅进度: 80/169
2026-04-12 18:43:35,907 - INFO - 方法审阅进度: 90/169
2026-04-12 18:44:03,625 - INFO - 方法审阅进度: 100/169
2026-04-12 18:44:24,988 - INFO - 方法审阅进度: 110/169
2026-04-12 18:44:57,541 - INFO - 方法审阅进度: 120/169
2026-04-12 18:45:56,633 - INFO - 方法审阅进度: 130/169
2026-04-12 18:46:27,264 - INFO - 方法审阅进度: 140/169
2026-04-12 18:47:02,801 - INFO - 方法审阅进度: 150/169
2026-04-12 18:47:40,612 - INFO - 方法审阅进度: 160/169
2026-04-12 18:48:03,765 - INFO - 方法审阅进度: 169/169
2026-04-12 18:48:03,773 - INFO - 方法审阅结果已写入 label_construct/results_final/book2_r3/method_review/method_review.csv
2026-04-14 08:39:32,787 - INFO - 方法审阅开始: 样本=169, 缓存命中=133, 待处理=36
2026-04-14 08:39:44,016 - WARNING - 方法审阅跳过样本 442.json: 无法从模型输出中解析JSON: ```json\n{\n  "suggested_method": "",\n  "proposed_new_category": "回归建模\模型设定与方程构建",\n  "reason": "该问题要求根据研究背景写出一个完整的二阶回归模型（包含二次项和交互项）的数学表达式。这属于回归模型设定（model specification）的范畴，即根据变量关系假设构建回归方程的具体形式。现有taxonom...
2026-04-14 08:39:51,763 - WARNING - 方法审阅跳过样本 209.json: 无法从模型输出中解析JSON: ```json\n{\n  "suggested_method": "数学计算\分布推导",\n  "proposed_new_category": "",\n  "reason": "本题要求根据所有可能的n=3样本及其概率，推导样本均值x̄的抽样分布（即列出x̄的所有可能取值及对应概率）。这属于根据概率规则和分布定义推导出某个随机变量（这里是样本均值统计量）的概率分布的问题，与'分布推导'二级类目的定...
2026-04-14 08:39:54,598 - INFO - 方法审阅进度: 10/36
2026-04-14 08:39:55,949 - WARNING - 方法审阅跳过样本 435.json: 无法从模型输出中解析JSON: ```json\n{\n  "suggested_method": "模型诊断\拟合优度评估",\n  "proposed_new_category": "",\n  "reason": "该问题要求绘制预测方程的图形，并从视觉和数值两方面评估二次回归模型对数据的拟合程度。核心任务是评估已建立的回归模型与数据的拟合优劣，属于模型诊断中的拟合优度评估。虽然涉及可视化（绘制预测曲线与数据点），但可视化只是辅助...
2026-04-14 08:40:07,207 - INFO - 方法审阅进度: 20/36
2026-04-14 08:40:12,522 - WARNING - 方法审阅跳过样本 440.json: 无法从模型输出中解析JSON: ```json\n{\n  "suggested_method": "",\n  "proposed_new_category": "回归建模\模型设定（回归方程构建）",\n  "reason": "该问题要求根据研究背景和变量关系，写出一阶（first-order）多元线性回归模型的数学表达式。这属于回归模型的设定/构建问题，即根据响应变量和自变量写出回归方程。现有taxonomy中'数据分布建模\\...
2026-04-14 08:40:15,507 - WARNING - 方法审阅跳过样本 225.json: 无法从模型输出中解析JSON: ```json\n{\n  "suggested_method": "数学计算\分布推导",\n  "proposed_new_category": "",\n  "reason": "该问题要求根据中心极限定理，在已知总体均值和标准差的前提下，推导样本均值的抽样分布（即描述其分布形式、均值和标准差）。这属于基于概率规则和分布定义推导随机变量（此处为样本均值）概率分布的问题，与'数学计算\\分布推导'二级...
2026-04-14 08:40:22,200 - INFO - 方法审阅进度: 30/36
2026-04-14 08:40:37,010 - INFO - 方法审阅进度: 36/36
2026-04-14 08:40:37,022 - INFO - 方法审阅结果已写入 label_construct/results_final/book2_r3/method_review/method_review.csv
2026-04-14 09:21:24,284 - INFO - 方法审阅开始: 样本=169, 缓存命中=169, 待处理=0
2026-04-14 09:21:24,290 - INFO - 方法审阅结果已写入 label_construct/results_final/book2_r3/method_review/method_review.csv
