2026-04-14 08:51:08,673 - INFO - 方法审阅开始: 样本=107, 缓存命中=0, 待处理=107
2026-04-14 08:51:28,835 - WARNING - 方法审阅跳过样本 172.json: 无法从模型输出中解析JSON: ```json\n{\n  "suggested_method": "描述性统计量\统计量性质分析及比较",\n  "proposed_new_category": "",\n  "reason": "该问题要求根据给定的均值和标准误（SE）来推断夜间肢体运动评分在患者间的分布特征。具体来说，需要分析均值(46.3)与标准误(10.0)的关系：标准误较大意味着标准差更大（SD = SE × √n = 10...
2026-04-14 08:51:34,252 - INFO - 方法审阅进度: 10/107
2026-04-14 08:51:34,495 - WARNING - 方法审阅跳过样本 57.json: 无法从模型输出中解析JSON: ```json\n{\n  "suggested_method": "数学计算\事件发生概率及独立性",\n  "proposed_new_category": "",\n  "reason": "该问题的核心是比较两家医院在某一天中男婴比例超过60%的概率。这是一个经典的概率计算问题（与'大数定律'和样本量效应相关）：每家医院每天出生的婴儿数不同（45 vs 15），需要基于二项分布计算P(男婴比例>0...
2026-04-14 08:51:35,410 - WARNING - 方法审阅跳过样本 190.json: 无法从模型输出中解析JSON: ```json\n{\n  "suggested_method": "数学计算\事件发生概率及独立性",\n  "proposed_new_category": "",\n  "reason": "本题要求在已知女性身高服从正态分布的条件下，计算女性身高超过男性平均身高179.1cm的概率，即P(X > 179.1)，其中X ~ N(171.7, 5.75²)。这是一个根据分布假设计算事件发生概率的问题，...
2026-04-14 08:51:43,846 - WARNING - 方法审阅跳过样本 109.json: 无法从模型输出中解析JSON: ```json\n{\n  "suggested_method": "描述性统计量\频率与比例测度",\n  "proposed_new_category": "",\n  "reason": "本题要求根据配对病例对照研究的数据计算优势比（odds ratio）。优势比是一种效应量指标，属于频率与比例测度的范畴。在taxonomy中，'频率与比例测度'明确包括'风险效应量（如relative risk,...
2026-04-14 08:51:45,932 - WARNING - 方法审阅跳过样本 191.json: 无法从模型输出中解析JSON: ```json\n{\n  "suggested_method": "数学计算\事件发生概率及独立性",\n  "proposed_new_category": "",\n  "reason": "本题需要根据正态分布假设和贝叶斯公式（条件概率）计算在身高超过182.9cm的成年人中女性所占的比例。具体步骤包括：分别计算男性和女性身高超过182.9cm的概率（利用正态分布），然后结合先验比例（60%女性、...
2026-04-14 08:51:50,696 - INFO - 方法审阅进度: 20/107
2026-04-14 08:52:05,022 - INFO - 方法审阅进度: 30/107
2026-04-14 08:52:06,975 - WARNING - 方法审阅跳过样本 77.json: 无法从模型输出中解析JSON: ```json\n{\n  "suggested_method": "关联分析\相关系数（一维）",\n  "proposed_new_category": "",\n  "reason": "问题询问的是如何分析两个变量（吸烟数量与尿液可替宁水平）之间是否存在系统性关联。吸烟数量（可视为有序或连续变量）与尿液可替宁水平（连续变量）之间的关联强度分析，属于研究两个一维变量之间关联关系的问题。适合使用相关系...
2026-04-14 08:52:15,422 - WARNING - 方法审阅跳过样本 160.json: 无法从模型输出中解析JSON: ```json\n{\n  "suggested_method": "描述性统计量\频率与比例测度",\n  "proposed_new_category": "",\n  "reason": "该问题要求根据给定的呼吸频率分组数据和诊断阈值（>50次/分钟），计算两个比例：(1) 在所有被治疗的婴儿中，不必要治疗（即实际为URI）的比例（即假阳性率/1-阳性预测值）；(2) 在所有LRI婴儿中，未被治疗...
2026-04-14 08:52:21,511 - INFO - 方法审阅进度: 40/107
2026-04-14 08:52:36,258 - INFO - 方法审阅进度: 50/107
2026-04-14 08:52:39,259 - WARNING - 方法审阅跳过样本 54.json: 无法从模型输出中解析JSON: ```json\n{\n  "suggested_method": "描述性统计量\频率与比例测度",\n  "proposed_new_category": "",\n  "reason": "该问题要求分析血清孕酮数据末位数字的分布情况，判断是否存在数字偏好（digit preference）。其核心操作是统计各末位数字（0-9）出现的频数和比例，观察是否某些数字出现频率异常偏高或偏低。这属于对特定取...
2026-04-14 08:52:43,073 - WARNING - 方法审阅跳过样本 56.json: 无法从模型输出中解析JSON: ```json\n{\n  "suggested_method": "数学计算\事件发生概率及独立性",\n  "proposed_new_category": "",\n  "reason": "该问题要求比较两家医院在任意一天内出现双胞胎的概率大小。核心计算是：给定每天出生婴儿数和双胞胎概率，分别计算两家医院至少出现一对双胞胎的概率（或期望），并进行比较。这属于根据概率规则和分布假设计算事件发生概率的...
2026-04-14 08:52:43,097 - WARNING - 方法审阅跳过样本 22.json: 无法从模型输出中解析JSON: ```json\n{\n  "suggested_method": "数学计算\期望",\n  "proposed_new_category": "",\n  "reason": "该问题要求计算在20000组中预期出现的'cluster'数量。具体做法是：先根据二项分布表计算P(r≥6)的概率，然后将该概率乘以20000组得到期望的cluster数。这本质上是计算随机变量（cluster出现次数）的数学...
2026-04-14 08:52:46,622 - WARNING - 方法审阅跳过样本 96.json: 无法从模型输出中解析JSON: ```json\n{\n  "suggested_method": "假设检验与区间估计\独立性检验",\n  "proposed_new_category": "",\n  "reason": "该问题的核心是评价在比较两组（安慰剂组与泼尼松龙组）出院比例差异时，使用Fisher精确检验是否合理（相对于卡方检验）。Fisher精确检验和卡方检验都是用于检验两个分类变量是否独立的方法（即治疗分组与出院与否...
2026-04-14 08:52:52,574 - INFO - 方法审阅进度: 60/107
2026-04-14 08:53:08,664 - INFO - 方法审阅进度: 70/107
2026-04-14 08:53:20,893 - WARNING - 方法审阅跳过样本 159.json: 无法从模型输出中解析JSON: ```json\n{\n  "suggested_method": "模型比较（变量选择）\ROC曲线（AUC），覆盖率-捕获率曲线",\n  "proposed_new_category": "",\n  "reason": "该问题的核心是在不同呼吸率截断值（cut-off）下评估诊断工具的分类判别能力，通过计算不同阈值下的正预测值（PPV）和负预测值（NPV）来寻找最佳截断点。这本质上是基于分类排序...
2026-04-14 08:53:25,070 - INFO - 方法审阅进度: 80/107
2026-04-14 08:53:27,084 - WARNING - 方法审阅跳过样本 137.json: 无法从模型输出中解析JSON: ```json\n{\n  "suggested_method": "分类与预测\连续值预测",\n  "proposed_new_category": "",\n  "reason": "该问题要求基于线性回归模型，对具有平均身高的个体计算TLC的95%预测区间（prediction interval）。预测区间是对未来单个观测值的区间预测，本质上属于连续值预测问题。虽然问题涉及区间估计的形式，但其核心...
2026-04-14 08:53:37,842 - WARNING - 方法审阅跳过样本 152.json: 无法从模型输出中解析JSON: ```json\n{\n  "suggested_method": "数据预处理\异常值处理",\n  "proposed_new_category": "",\n  "reason": "该问题的核心是：已知某些患者的测量值受到外部因素（食用鸡蛋）的影响，导致两种方法之间出现异常大的差异（患者1和18），需要判断分析时是否应考虑这一信息并对这些异常观测进行处理。这属于在数据预处理阶段识别、评估和决定如何...
2026-04-14 08:53:42,444 - INFO - 方法审阅进度: 90/107
2026-04-14 08:53:46,355 - WARNING - 方法审阅跳过样本 126.json: 无法从模型输出中解析JSON: ```json\n{\n  "suggested_method": "模型比较（变量选择）\重要变量识别",\n  "proposed_new_category": "",\n  "reason": "问题要求从多个候选自变量（age, sex, height, weight, FEV1）中找到一个'suitable'的多元回归模型来预测FRC。这本质上是一个变量选择问题——需要从候选变量中筛选出合适的子...
2026-04-14 08:53:48,852 - WARNING - 方法审阅跳过样本 146.json: 无法从模型输出中解析JSON: ```json\n{\n  "suggested_method": "模型解读\分类或发生概率影响因素解读",\n  "proposed_new_category": "",\n  "reason": "该问题要求根据已建立的Cox回归模型的回归系数，计算不同患者组相对于参照组的风险比（hazard ratio），即解释变量如何影响死亡事件的发生风险。这属于生存模型（Cox模型）中风险比（HR）的解读，完...
2026-04-14 08:53:50,563 - WARNING - 方法审阅跳过样本 158.json: 无法从模型输出中解析JSON: ```json\n{\n  "suggested_method": "模型比较（变量选择）\ROC曲线（AUC），覆盖率-捕获率曲线",\n  "proposed_new_category": "",\n  "reason": "该问题的核心是针对不同的呼吸频率切点（cut-off），构建2×2分类表并计算每个切点下的敏感度（sensitivity）和特异度（specificity），然后找到使二者之和最...
2026-04-14 08:53:56,323 - WARNING - 方法审阅跳过样本 156.json: 无法从模型输出中解析JSON: ```json\n{\n  "suggested_method": "数学计算\事件发生概率及独立性",\n  "proposed_new_category": "",\n  "reason": "该问题需要结合灵敏度、特异度、药物使用率和说谎率等已知概率，通过条件概率和全概率公式计算最终献血者中药物使用者的比例。这属于根据概率规则计算事件发生概率的问题，涉及条件概率、全概率公式等，与'事件发生概率及独立...
2026-04-14 08:53:56,847 - INFO - 方法审阅进度: 100/107
2026-04-14 08:54:03,744 - WARNING - 方法审阅跳过样本 120.json: 无法从模型输出中解析JSON: ```json\n{\n  "suggested_method": "数据预处理\异常值处理",\n  "proposed_new_category": "",\n  "reason": "题目要求观察数据中'odd'（异常/不寻常）的地方。观察数据可以发现：第31和第32号患者的所有数值完全相同（重复记录），以及第30号患者的plasma fibrinogen值1070远高于其他观测值（异常值）。这属于...
2026-04-14 08:54:15,551 - INFO - 方法审阅进度: 107/107
2026-04-14 08:54:15,558 - INFO - 方法审阅结果已写入 label_construct/results_final/book5_r3/method_review/method_review.csv
2026-04-14 09:23:25,673 - INFO - 方法审阅开始: 样本=107, 缓存命中=88, 待处理=19
2026-04-14 09:23:54,136 - INFO - 方法审阅进度: 10/19
2026-04-14 09:24:16,623 - INFO - 方法审阅进度: 19/19
2026-04-14 09:24:16,629 - INFO - 方法审阅结果已写入 label_construct/results_final/book5_r3/method_review/method_review.csv
