2026-04-05 15:46:12,084 - INFO - 变量抽取开始: round=0, 样本=0, 缓存命中=0, 待处理=0
2026-04-05 15:46:12,084 - INFO - 变量抽取结果目录: label_construct/results/variable_labels/round_0
2026-04-05 17:00:09,554 - INFO - 变量抽取开始: round=0, 样本=10, 缓存命中=0, 待处理=10
2026-04-05 17:02:15,056 - INFO - 变量抽取进度: round=0, 10/10
2026-04-05 17:02:15,057 - INFO - 变量抽取结果目录: label_construct/results/variable_labels/round_0
2026-04-05 17:08:25,478 - INFO - 变量抽取开始: round=0, 样本=10, 缓存命中=10, 待处理=0
2026-04-05 17:08:25,478 - INFO - 变量抽取结果目录: label_construct/results/variable_labels/round_0
2026-04-05 17:15:25,650 - INFO - 变量抽取开始: round=0, 样本=0, 缓存命中=0, 待处理=0
2026-04-05 17:15:25,651 - INFO - 变量抽取结果目录: label_construct/results/variable_labels/round_0
2026-04-05 19:02:10,984 - INFO - 变量抽取开始: round=0, 样本=0, 缓存命中=0, 待处理=0
2026-04-05 19:02:10,984 - INFO - 变量抽取开始: round=0, 样本=0, 缓存命中=0, 待处理=0
2026-04-05 19:02:10,985 - INFO - 变量抽取结果目录: label_construct/results/variable_labels/round_0/samples
2026-04-05 19:02:10,985 - INFO - 变量抽取结果目录: label_construct/results/variable_labels/round_0/samples
2026-04-05 19:09:56,002 - INFO - 变量抽取开始: round=0, 样本=10, 缓存命中=0, 待处理=10
2026-04-05 19:09:58,974 - ERROR - 变量抽取失败 114.json: 无法从模型输出中解析JSON: 根据您的要求，以下是对问题和答案中实际使用到的变量对象的提取和标注过程。请提供具体的题目和答案内容，我将为您生成符合规范的 JSON 输出。...
2026-04-05 19:10:00,269 - ERROR - 变量抽取失败 522.json: 无法从模型输出中解析JSON: 请提供具体的题目输入和参考答案，我将根据您的要求提取“answer 在实际求解中真正使用到的变量对象”，并输出符合规范的 JSON。...
2026-04-05 19:10:01,695 - ERROR - 变量抽取失败 361.json: 无法从模型输出中解析JSON: 请提供题目输入和参考答案，以便我为您提取“answer 在实际求解中真正使用到的变量对象”。...
2026-04-05 19:10:02,628 - ERROR - 变量抽取失败 548.json: 无法从模型输出中解析JSON: 明白了！请提供题目输入和参考答案，我将根据要求提取“answer 在实际求解中真正使用到的变量对象”。...
2026-04-05 19:10:04,248 - INFO - 变量抽取进度: round=0, 10/10
2026-04-05 19:10:04,249 - INFO - 变量抽取结果目录: label_construct/results/variable_labels/round_0/samples
2026-04-05 19:26:10,353 - INFO - 变量抽取开始: round=0, 样本=0, 缓存命中=0, 待处理=0
2026-04-05 19:26:10,353 - INFO - 变量抽取结果目录: label_construct/results/variable_labels/round_0/samples
2026-04-05 19:30:53,699 - INFO - 变量抽取开始: round=0, 样本=20, 缓存命中=0, 待处理=20
2026-04-05 19:30:57,309 - WARNING - 变量抽取失败 522.json，已回退为 {}: 无法从模型输出中解析JSON: 请提供具体的题目输入和参考答案，我将根据要求提取“answer 在实际求解中真正使用到的变量对象”。...
2026-04-05 19:30:57,472 - WARNING - 变量抽取失败 238.json，已回退为 {}: 无法从模型输出中解析JSON: 请提供具体的题目和参考答案，我将根据要求提取“answer 在实际求解中真正使用到的变量对象”。...
2026-04-05 19:30:57,684 - WARNING - 变量抽取失败 548.json，已回退为 {}: 无法从模型输出中解析JSON: 请提供题目输入和参考答案，以便我为您提取“answer 在实际求解中真正使用到的变量对象”。...
2026-04-05 19:30:59,301 - WARNING - 变量抽取失败 126.json，已回退为 {}: 无法从模型输出中解析JSON: 请提供具体的题目和参考答案，我将根据要求提取“answer 在实际求解中真正使用到的变量对象”。...
2026-04-05 19:31:02,178 - INFO - 变量抽取进度: round=0, 10/20
2026-04-05 19:31:07,487 - INFO - 变量抽取进度: round=0, 20/20
2026-04-05 19:31:07,488 - INFO - 变量抽取结果目录: label_construct/results/variable_labels/round_0/samples
2026-04-05 20:23:24,055 - INFO - 变量抽取开始: round=0, 样本=20, 缓存命中=20, 待处理=0
2026-04-05 20:23:24,056 - INFO - 变量抽取结果目录: label_construct/results/variable_labels/round_0/samples
2026-04-05 20:23:58,255 - INFO - 变量抽取开始: round=0, 样本=20, 缓存命中=0, 待处理=20
2026-04-05 20:24:01,452 - WARNING - 变量抽取失败 114.json，已回退为 {}: 无法从模型输出中解析JSON: {{}}...
2026-04-05 20:24:02,755 - WARNING - 变量抽取失败 548.json，已回退为 {}: 变量 background 的值必须是JSON对象
2026-04-05 20:24:03,576 - WARNING - 变量抽取失败 126.json，已回退为 {}: 无法从模型输出中解析JSON: 请提供题目输入和参考答案，以便我为您提取相关变量对象。...
2026-04-05 20:24:05,445 - INFO - 变量抽取进度: round=0, 10/20
2026-04-05 20:24:08,032 - WARNING - 变量抽取失败 361.json，已回退为 {}: 无法从模型输出中解析JSON: 请提供题目输入和参考答案，以便我为您提取相关变量对象。...
2026-04-05 20:24:10,119 - WARNING - 变量抽取失败 319.json，已回退为 {}: 变量 background 的值必须是JSON对象
2026-04-05 20:24:10,657 - INFO - 变量抽取进度: round=0, 20/20
2026-04-05 20:24:10,658 - INFO - 变量抽取结果目录: label_construct/results/variable_labels/round_0/samples
2026-04-05 20:26:43,041 - INFO - 变量抽取开始: round=0, 样本=20, 缓存命中=0, 待处理=20
2026-04-05 20:26:45,814 - WARNING - 变量抽取失败 114.json，已回退为 {}: 无法从模型输出中解析JSON: {{}}...
2026-04-05 20:26:46,562 - WARNING - 变量抽取失败 238.json，已回退为 {}: 无法从模型输出中解析JSON: {{}}...
2026-04-05 20:26:50,399 - INFO - 变量抽取进度: round=0, 10/20
2026-04-05 20:26:53,895 - WARNING - 变量抽取失败 319.json，已回退为 {}: 无法从模型输出中解析JSON: {{}}...
2026-04-05 20:26:56,698 - INFO - 变量抽取进度: round=0, 20/20
2026-04-05 20:26:56,698 - INFO - 变量抽取结果目录: label_construct/results/variable_labels/round_0/samples
2026-04-05 20:38:08,032 - INFO - 变量抽取开始: round=0, 样本=20, 缓存命中=0, 待处理=20
2026-04-05 20:38:11,740 - WARNING - 变量抽取失败 238.json，已回退为 {}: 无法从模型输出中解析JSON: 请提供题目输入和参考答案，以便我为您提取相关变量对象。...
2026-04-05 20:38:12,443 - WARNING - 变量抽取失败 548.json，已回退为 {}: 变量 background 的 class 不合法: others
2026-04-05 20:38:14,361 - WARNING - 变量抽取失败 126.json，已回退为 {}: 变量 background 的值必须是JSON对象
2026-04-05 20:38:14,922 - INFO - 变量抽取进度: round=0, 10/20
2026-04-05 20:38:19,388 - WARNING - 变量抽取失败 210.json，已回退为 {}: 无法从模型输出中解析JSON: 请提供题目输入和参考答案，以便我为您提取相关变量对象。...
2026-04-05 20:38:22,235 - INFO - 变量抽取进度: round=0, 20/20
2026-04-05 20:38:22,236 - INFO - 变量抽取结果目录: label_construct/results/variable_labels/round_0/samples
2026-04-05 20:44:21,223 - INFO - 变量抽取开始: round=0, 样本=20, 缓存命中=0, 待处理=20
2026-04-05 20:44:24,114 - WARNING - 变量抽取失败 114.json，已回退为 {}: 变量 {} 缺少字段 id
2026-04-05 20:44:24,599 - WARNING - 变量抽取失败 238.json，已回退为 {}: 无法从模型输出中解析JSON: 请提供题目输入和参考答案，以便我为您提取“answer 在实际求解中真正使用到的变量对象”。...
2026-04-05 20:44:25,723 - WARNING - 变量抽取失败 548.json，已回退为 {}: 无法从模型输出中解析JSON: 好的，请提供题目和参考答案，我将根据要求提取变量对象并输出严格的 JSON 格式。...
2026-04-05 20:44:28,399 - INFO - 变量抽取进度: round=0, 10/20
2026-04-05 20:44:33,222 - INFO - 变量抽取进度: round=0, 20/20
2026-04-05 20:44:33,223 - INFO - 变量抽取结果目录: label_construct/results/variable_labels/round_0/samples
2026-04-05 20:51:16,114 - INFO - 变量抽取开始: round=0, 样本=20, 缓存命中=0, 待处理=20
2026-04-05 20:51:20,243 - WARNING - 变量抽取失败 114.json，已回退为 {}: 变量 background 的值必须是JSON对象
2026-04-05 20:51:22,063 - WARNING - 变量抽取失败 126.json，已回退为 {}: 无法从模型输出中解析JSON: 请提供具体的题目输入和参考答案，以便我为您提取“answer 在实际求解中真正使用到的变量对象”。...
2026-04-05 20:51:23,586 - INFO - 变量抽取进度: round=0, 10/20
2026-04-05 20:51:29,985 - INFO - 变量抽取进度: round=0, 20/20
2026-04-05 20:51:29,985 - INFO - 变量抽取结果目录: label_construct/results/variable_labels/round_0/samples
