2026-04-12 18:08:44,793 - INFO - 方法审阅开始: 样本=147, 缓存命中=0, 待处理=147
2026-04-12 18:09:36,688 - INFO - 方法审阅进度: 10/147
2026-04-12 18:10:02,640 - INFO - 方法审阅进度: 20/147
2026-04-12 18:10:20,634 - INFO - 方法审阅进度: 30/147
2026-04-12 18:10:52,488 - INFO - 方法审阅进度: 40/147
2026-04-12 18:11:17,646 - INFO - 方法审阅进度: 50/147
2026-04-12 18:11:38,353 - INFO - 方法审阅进度: 60/147
2026-04-12 18:12:02,053 - INFO - 方法审阅进度: 70/147
2026-04-12 18:12:37,790 - INFO - 方法审阅进度: 80/147
2026-04-12 18:13:15,282 - INFO - 方法审阅进度: 90/147
2026-04-12 18:13:45,416 - INFO - 方法审阅进度: 100/147
2026-04-12 18:14:21,316 - INFO - 方法审阅进度: 110/147
2026-04-12 18:15:01,194 - INFO - 方法审阅进度: 120/147
2026-04-12 18:15:32,694 - INFO - 方法审阅进度: 130/147
2026-04-12 18:15:48,897 - INFO - 方法审阅进度: 140/147
2026-04-12 18:16:35,570 - INFO - 方法审阅进度: 147/147
2026-04-12 18:16:35,583 - INFO - 方法审阅结果已写入 label_construct/results_final/book1_r3/method_review/method_review.csv
2026-04-14 08:37:42,866 - INFO - 方法审阅开始: 样本=147, 缓存命中=102, 待处理=45
2026-04-14 08:37:58,274 - WARNING - 方法审阅跳过样本 166.json: 无法从模型输出中解析JSON: ```json\n{\n  "suggested_method": "数学计算\事件发生概率及独立性",\n  "proposed_new_category": "",\n  "reason": "该问题要求根据给定的z统计量值(-2.45)，利用标准正态分布计算对应的单侧P值，本质上是在已知分布下计算某个事件（z值落在某区域）的概率。这属于基于概率规则和分布假设计算事件概率的问题，归入'数学计算\\事件...
2026-04-14 08:38:05,461 - INFO - 方法审阅进度: 10/45
2026-04-14 08:38:21,228 - INFO - 方法审阅进度: 20/45
2026-04-14 08:38:31,868 - WARNING - 方法审阅跳过样本 308.json: 无法从模型输出中解析JSON: ```json\n{\n  "suggested_method": "假设检验与区间估计\比例检验",\n  "proposed_new_category": "",\n  "reason": "该问题使用 plus-four 方法计算比例的 95% 置信区间，涉及调整样本量 (n~=n+4) 和调整比例 (p~=(x+2)/(n+4)) 的计算。这是比例的区间估计问题，属于'比例检验'类目，因为该类目明...
2026-04-14 08:38:38,882 - INFO - 方法审阅进度: 30/45
2026-04-14 08:38:46,987 - WARNING - 方法审阅跳过样本 329.json: 无法从模型输出中解析JSON: ```json\n{\n  "suggested_method": "描述性统计量\频率与比例测度",\n  "proposed_new_category": "",\n  "reason": "该问题要求计算CMV+组和CMV-组各自的风险（即各组中发生restenosis的比例），以及两组之间的风险差（risk difference）。风险本质上是各组中事件发生的比例，风险差是两个比例之差。这属于描述...
2026-04-14 08:38:48,655 - WARNING - 方法审阅跳过样本 198.json: 无法从模型输出中解析JSON: ```json\n{\n  "suggested_method": "假设检验与区间估计\检验性质分析",\n  "proposed_new_category": "",\n  "reason": "该问题要求确定t检验在给定显著性水平α=0.05下的临界值，这属于假设检验基本特征的描述与计算问题。临界值是假设检验中决定是否拒绝原假设的阈值，与显著性水平、检验功效等概念密切相关，属于'检验性质分析'的范畴...
2026-04-14 08:38:54,250 - INFO - 方法审阅进度: 40/45
2026-04-14 08:38:54,510 - WARNING - 方法审阅跳过样本 212.json: 无法从模型输出中解析JSON: ```json\n{\n  "suggested_method": "描述性统计量\频率与比例测度",\n  "proposed_new_category": "",\n  "reason": "该问题要求计算在16个城市中，有多少比例的城市在氟化后cavity-free率有所提升（即AFTER > BEFORE的城市占总城市数的百分比）。这是一个计算满足特定条件的观测占总观测比例的问题，属于频率与比例测...
2026-04-14 08:39:01,625 - WARNING - 方法审阅跳过样本 532.json: 无法从模型输出中解析JSON: ```json\n{\n  "suggested_method": "数学计算\分布推导",\n  "proposed_new_category": "",\n  "reason": "该问题要求比较总体分布与样本均值的抽样分布。样本均值的抽样分布需要根据正态分布的性质和中心极限定理进行推导（均值不变，标准差变为σ/√n），属于根据已知分布和概率规则推导随机变量（此处为x̄）的概率分布的问题，符合'分布推...
2026-04-14 08:39:05,248 - INFO - 方法审阅进度: 45/45
2026-04-14 08:39:05,256 - INFO - 方法审阅结果已写入 label_construct/results_final/book1_r3/method_review/method_review.csv
2026-04-14 09:21:19,514 - INFO - 方法审阅开始: 样本=147, 缓存命中=147, 待处理=0
2026-04-14 09:21:19,518 - INFO - 方法审阅结果已写入 label_construct/results_final/book1_r3/method_review/method_review.csv
